{"C:\\Users\\user\\.gemini\\antigravity\\scratch\\peer-learning\\backend\\app.js": {"path":"C:\\Users\\user\\.gemini\\antigravity\\scratch\\peer-learning\\backend\\app.js","statementMap":{"0":{"start":{"line":17,"column":6},"end":{"line":17,"column":null}},"1":{"start":{"line":20,"column":0},"end":{"line":26,"column":null}},"2":{"start":{"line":21,"column":2},"end":{"line":21,"column":null}},"3":{"start":{"line":21,"column":73},"end":{"line":21,"column":81}},"4":{"start":{"line":22,"column":2},"end":{"line":22,"column":null}},"5":{"start":{"line":23,"column":0},"end":{"line":26,"column":null}},"6":{"start":{"line":24,"column":2},"end":{"line":24,"column":null}},"7":{"start":{"line":25,"column":2},"end":{"line":25,"column":null}},"8":{"start":{"line":32,"column":28},"end":{"line":46,"column":null}},"9":{"start":{"line":33,"column":14},"end":{"line":33,"column":null}},"10":{"start":{"line":35,"column":2},"end":{"line":37,"column":null}},"11":{"start":{"line":36,"column":4},"end":{"line":36,"column":null}},"12":{"start":{"line":36,"column":35},"end":{"line":36,"column":43}},"13":{"start":{"line":39,"column":2},"end":{"line":42,"column":null}},"14":{"start":{"line":40,"column":4},"end":{"line":40,"column":null}},"15":{"start":{"line":41,"column":4},"end":{"line":41,"column":null}},"16":{"start":{"line":44,"column":2},"end":{"line":44,"column":null}},"17":{"start":{"line":45,"column":2},"end":{"line":45,"column":null}},"18":{"start":{"line":48,"column":23},"end":{"line":48,"column":null}},"19":{"start":{"line":50,"column":0},"end":{"line":62,"column":null}},"20":{"start":{"line":53,"column":4},"end":{"line":57,"column":null}},"21":{"start":{"line":54,"column":6},"end":{"line":54,"column":null}},"22":{"start":{"line":56,"column":6},"end":{"line":56,"column":null}},"23":{"start":{"line":64,"column":0},"end":{"line":64,"column":null}},"24":{"start":{"line":65,"column":0},"end":{"line":65,"column":null}},"25":{"start":{"line":66,"column":0},"end":{"line":70,"column":null}},"26":{"start":{"line":67,"column":2},"end":{"line":67,"column":null}},"27":{"start":{"line":68,"column":2},"end":{"line":68,"column":null}},"28":{"start":{"line":69,"column":2},"end":{"line":69,"column":null}},"29":{"start":{"line":72,"column":0},"end":{"line":74,"column":null}},"30":{"start":{"line":73,"column":2},"end":{"line":73,"column":null}},"31":{"start":{"line":77,"column":6},"end":{"line":82,"column":null}},"32":{"start":{"line":85,"column":6},"end":{"line":90,"column":null}},"33":{"start":{"line":92,"column":0},"end":{"line":92,"column":null}},"34":{"start":{"line":93,"column":0},"end":{"line":93,"column":null}},"35":{"start":{"line":95,"column":0},"end":{"line":95,"column":null}},"36":{"start":{"line":96,"column":0},"end":{"line":96,"column":null}},"37":{"start":{"line":97,"column":0},"end":{"line":97,"column":null}},"38":{"start":{"line":98,"column":0},"end":{"line":98,"column":null}},"39":{"start":{"line":99,"column":0},"end":{"line":99,"column":null}},"40":{"start":{"line":100,"column":0},"end":{"line":100,"column":null}},"41":{"start":{"line":101,"column":0},"end":{"line":101,"column":null}},"42":{"start":{"line":103,"column":6},"end":{"line":103,"column":null}},"43":{"start":{"line":104,"column":18},"end":{"line":104,"column":null}},"44":{"start":{"line":105,"column":0},"end":{"line":105,"column":null}},"45":{"start":{"line":108,"column":0},"end":{"line":110,"column":null}},"46":{"start":{"line":109,"column":2},"end":{"line":109,"column":null}},"47":{"start":{"line":112,"column":0},"end":{"line":112,"column":null}}},"fnMap":{"0":{"name":"(anonymous_0)","decl":{"start":{"line":21,"column":68},"end":{"line":21,"column":73}},"loc":{"start":{"line":21,"column":73},"end":{"line":21,"column":81}},"line":21},"1":{"name":"(anonymous_1)","decl":{"start":{"line":32,"column":28},"end":{"line":32,"column":34}},"loc":{"start":{"line":32,"column":34},"end":{"line":46,"column":null}},"line":32},"2":{"name":"(anonymous_2)","decl":{"start":{"line":36,"column":30},"end":{"line":36,"column":35}},"loc":{"start":{"line":36,"column":35},"end":{"line":36,"column":43}},"line":36},"3":{"name":"(anonymous_3)","decl":{"start":{"line":51,"column":10},"end":{"line":51,"column":11}},"loc":{"start":{"line":51,"column":32},"end":{"line":58,"column":null}},"line":51},"4":{"name":"(anonymous_4)","decl":{"start":{"line":66,"column":8},"end":{"line":66,"column":9}},"loc":{"start":{"line":66,"column":28},"end":{"line":70,"column":1}},"line":66},"5":{"name":"(anonymous_5)","decl":{"start":{"line":72,"column":19},"end":{"line":72,"column":20}},"loc":{"start":{"line":72,"column":34},"end":{"line":74,"column":1}},"line":72},"6":{"name":"(anonymous_6)","decl":{"start":{"line":108,"column":8},"end":{"line":108,"column":9}},"loc":{"start":{"line":108,"column":23},"end":{"line":110,"column":1}},"line":108}},"branchMap":{"0":{"loc":{"start":{"line":20,"column":0},"end":{"line":26,"column":null}},"type":"if","locations":[{"start":{"line":20,"column":0},"end":{"line":26,"column":null}},{"start":{"line":23,"column":0},"end":{"line":26,"column":null}}],"line":20},"1":{"loc":{"start":{"line":23,"column":0},"end":{"line":26,"column":null}},"type":"if","locations":[{"start":{"line":23,"column":0},"end":{"line":26,"column":null}},{"start":{},"end":{}}],"line":23},"2":{"loc":{"start":{"line":35,"column":2},"end":{"line":37,"column":null}},"type":"if","locations":[{"start":{"line":35,"column":2},"end":{"line":37,"column":null}},{"start":{},"end":{}}],"line":35},"3":{"loc":{"start":{"line":39,"column":2},"end":{"line":42,"column":null}},"type":"if","locations":[{"start":{"line":39,"column":2},"end":{"line":42,"column":null}},{"start":{},"end":{}}],"line":39},"4":{"loc":{"start":{"line":53,"column":4},"end":{"line":57,"column":null}},"type":"if","locations":[{"start":{"line":53,"column":4},"end":{"line":57,"column":null}},{"start":{"line":55,"column":11},"end":{"line":57,"column":null}}],"line":53},"5":{"loc":{"start":{"line":53,"column":8},"end":{"line":53,"column":47}},"type":"binary-expr","locations":[{"start":{"line":53,"column":8},"end":{"line":53,"column":19}},{"start":{"line":53,"column":19},"end":{"line":53,"column":47}}],"line":53},"6":{"loc":{"start":{"line":67,"column":18},"end":{"line":67,"column":null}},"type":"binary-expr","locations":[{"start":{"line":67,"column":18},"end":{"line":67,"column":49}},{"start":{"line":67,"column":44},"end":{"line":67,"column":null}}],"line":67}},"s":{"0":1,"1":1,"2":0,"3":0,"4":0,"5":1,"6":0,"7":0,"8":1,"9":1,"10":1,"11":0,"12":0,"13":1,"14":0,"15":0,"16":1,"17":1,"18":1,"19":1,"20":0,"21":0,"22":0,"23":1,"24":1,"25":1,"26":0,"27":0,"28":0,"29":1,"30":0,"31":1,"32":1,"33":1,"34":1,"35":1,"36":1,"37":1,"38":1,"39":1,"40":1,"41":1,"42":1,"43":1,"44":1,"45":1,"46":0,"47":1},"f":{"0":0,"1":1,"2":0,"3":0,"4":0,"5":0,"6":0},"b":{"0":[0,1],"1":[0,1],"2":[0,1],"3":[0,1],"4":[0,0],"5":[0,0],"6":[0,0]},"meta":{"lastBranch":7,"lastFunction":7,"lastStatement":48,"seen":{"s:17:6:17:Infinity":0,"b:20:0:26:Infinity:23:0:26:Infinity":0,"s:20:0:26:Infinity":1,"s:21:2:21:Infinity":2,"f:21:68:21:73":0,"s:21:73:21:81":3,"s:22:2:22:Infinity":4,"b:23:0:26:Infinity:undefined:undefined:undefined:undefined":1,"s:23:0:26:Infinity":5,"s:24:2:24:Infinity":6,"s:25:2:25:Infinity":7,"s:32:28:46:Infinity":8,"f:32:28:32:34":1,"s:33:14:33:Infinity":9,"b:35:2:37:Infinity:undefined:undefined:undefined:undefined":2,"s:35:2:37:Infinity":10,"s:36:4:36:Infinity":11,"f:36:30:36:35":2,"s:36:35:36:43":12,"b:39:2:42:Infinity:undefined:undefined:undefined:undefined":3,"s:39:2:42:Infinity":13,"s:40:4:40:Infinity":14,"s:41:4:41:Infinity":15,"s:44:2:44:Infinity":16,"s:45:2:45:Infinity":17,"s:48:23:48:Infinity":18,"s:50:0:62:Infinity":19,"f:51:10:51:11":3,"b:53:4:57:Infinity:55:11:57:Infinity":4,"s:53:4:57:Infinity":20,"b:53:8:53:19:53:19:53:47":5,"s:54:6:54:Infinity":21,"s:56:6:56:Infinity":22,"s:64:0:64:Infinity":23,"s:65:0:65:Infinity":24,"s:66:0:70:Infinity":25,"f:66:8:66:9":4,"s:67:2:67:Infinity":26,"b:67:18:67:49:67:44:67:Infinity":6,"s:68:2:68:Infinity":27,"s:69:2:69:Infinity":28,"s:72:0:74:Infinity":29,"f:72:19:72:20":5,"s:73:2:73:Infinity":30,"s:77:6:82:Infinity":31,"s:85:6:90:Infinity":32,"s:92:0:92:Infinity":33,"s:93:0:93:Infinity":34,"s:95:0:95:Infinity":35,"s:96:0:96:Infinity":36,"s:97:0:97:Infinity":37,"s:98:0:98:Infinity":38,"s:99:0:99:Infinity":39,"s:100:0:100:Infinity":40,"s:101:0:101:Infinity":41,"s:103:6:103:Infinity":42,"s:104:18:104:Infinity":43,"s:105:0:105:Infinity":44,"s:108:0:110:Infinity":45,"f:108:8:108:9":6,"s:109:2:109:Infinity":46,"s:112:0:112:Infinity":47}}}
,"C:\\Users\\user\\.gemini\\antigravity\\scratch\\peer-learning\\backend\\controllers\\aiController.js": {"path":"C:\\Users\\user\\.gemini\\antigravity\\scratch\\peer-learning\\backend\\controllers\\aiController.js","statementMap":{"0":{"start":{"line":5,"column":23},"end":{"line":5,"column":70}},"1":{"start":{"line":6,"column":25},"end":{"line":6,"column":45}},"2":{"start":{"line":8,"column":26},"end":{"line":8,"column":29}},"3":{"start":{"line":9,"column":27},"end":{"line":9,"column":30}},"4":{"start":{"line":10,"column":29},"end":{"line":10,"column":31}},"5":{"start":{"line":11,"column":33},"end":{"line":11,"column":37}},"6":{"start":{"line":12,"column":42},"end":{"line":12,"column":45}},"7":{"start":{"line":15,"column":35},"end":{"line":15,"column":39}},"8":{"start":{"line":16,"column":35},"end":{"line":16,"column":39}},"9":{"start":{"line":17,"column":29},"end":{"line":17,"column":31}},"10":{"start":{"line":18,"column":25},"end":{"line":18,"column":27}},"11":{"start":{"line":19,"column":33},"end":{"line":19,"column":38}},"12":{"start":{"line":21,"column":30},"end":{"line":24,"column":2}},"13":{"start":{"line":26,"column":34},"end":{"line":31,"column":2}},"14":{"start":{"line":33,"column":23},"end":{"line":40,"column":1}},"15":{"start":{"line":34,"column":2},"end":{"line":36,"column":3}},"16":{"start":{"line":35,"column":4},"end":{"line":35,"column":13}},"17":{"start":{"line":39,"column":2},"end":{"line":39,"column":36}},"18":{"start":{"line":42,"column":29},"end":{"line":57,"column":1}},"19":{"start":{"line":43,"column":31},"end":{"line":43,"column":56}},"20":{"start":{"line":45,"column":4},"end":{"line":47,"column":37}},"21":{"start":{"line":49,"column":2},"end":{"line":54,"column":3}},"22":{"start":{"line":50,"column":4},"end":{"line":53,"column":6}},"23":{"start":{"line":56,"column":2},"end":{"line":56,"column":70}},"24":{"start":{"line":59,"column":30},"end":{"line":76,"column":1}},"25":{"start":{"line":60,"column":18},"end":{"line":60,"column":54}},"26":{"start":{"line":62,"column":2},"end":{"line":64,"column":3}},"27":{"start":{"line":63,"column":4},"end":{"line":63,"column":26}},"28":{"start":{"line":66,"column":2},"end":{"line":73,"column":3}},"29":{"start":{"line":67,"column":17},"end":{"line":71,"column":13}},"30":{"start":{"line":68,"column":24},"end":{"line":68,"column":78}},"31":{"start":{"line":69,"column":21},"end":{"line":69,"column":30}},"32":{"start":{"line":72,"column":4},"end":{"line":72,"column":16}},"33":{"start":{"line":75,"column":2},"end":{"line":75,"column":12}},"34":{"start":{"line":78,"column":34},"end":{"line":85,"column":1}},"35":{"start":{"line":79,"column":17},"end":{"line":79,"column":69}},"36":{"start":{"line":80,"column":2},"end":{"line":82,"column":3}},"37":{"start":{"line":81,"column":4},"end":{"line":81,"column":23}},"38":{"start":{"line":84,"column":2},"end":{"line":84,"column":72}},"39":{"start":{"line":87,"column":39},"end":{"line":94,"column":1}},"40":{"start":{"line":88,"column":17},"end":{"line":88,"column":73}},"41":{"start":{"line":89,"column":2},"end":{"line":91,"column":3}},"42":{"start":{"line":90,"column":4},"end":{"line":90,"column":23}},"43":{"start":{"line":93,"column":2},"end":{"line":93,"column":86}},"44":{"start":{"line":96,"column":23},"end":{"line":141,"column":1}},"45":{"start":{"line":97,"column":2},"end":{"line":99,"column":3}},"46":{"start":{"line":98,"column":4},"end":{"line":98,"column":62}},"47":{"start":{"line":101,"column":15},"end":{"line":106,"column":3}},"48":{"start":{"line":108,"column":2},"end":{"line":110,"column":3}},"49":{"start":{"line":109,"column":4},"end":{"line":109,"column":42}},"50":{"start":{"line":113,"column":2},"end":{"line":130,"column":3}},"51":{"start":{"line":114,"column":4},"end":{"line":121,"column":7}},"52":{"start":{"line":123,"column":4},"end":{"line":128,"column":5}},"53":{"start":{"line":124,"column":6},"end":{"line":127,"column":9}},"54":{"start":{"line":129,"column":4},"end":{"line":129,"column":16}},"55":{"start":{"line":132,"column":2},"end":{"line":138,"column":3}},"56":{"start":{"line":133,"column":20},"end":{"line":133,"column":59}},"57":{"start":{"line":133,"column":54},"end":{"line":133,"column":58}},"58":{"start":{"line":134,"column":4},"end":{"line":137,"column":6}},"59":{"start":{"line":140,"column":2},"end":{"line":140,"column":25}},"60":{"start":{"line":143,"column":21},"end":{"line":203,"column":1}},"61":{"start":{"line":144,"column":2},"end":{"line":202,"column":3}},"62":{"start":{"line":145,"column":25},"end":{"line":145,"column":33}},"63":{"start":{"line":147,"column":4},"end":{"line":149,"column":5}},"64":{"start":{"line":148,"column":6},"end":{"line":148,"column":74}},"65":{"start":{"line":151,"column":4},"end":{"line":153,"column":5}},"66":{"start":{"line":152,"column":6},"end":{"line":152,"column":97}},"67":{"start":{"line":156,"column":29},"end":{"line":156,"column":30}},"68":{"start":{"line":157,"column":4},"end":{"line":168,"column":5}},"69":{"start":{"line":158,"column":6},"end":{"line":160,"column":7}},"70":{"start":{"line":159,"column":8},"end":{"line":159,"column":101}},"71":{"start":{"line":161,"column":6},"end":{"line":163,"column":7}},"72":{"start":{"line":162,"column":8},"end":{"line":162,"column":97}},"73":{"start":{"line":164,"column":6},"end":{"line":166,"column":7}},"74":{"start":{"line":165,"column":8},"end":{"line":165,"column":119}},"75":{"start":{"line":167,"column":6},"end":{"line":167,"column":45}},"76":{"start":{"line":170,"column":4},"end":{"line":172,"column":5}},"77":{"start":{"line":171,"column":6},"end":{"line":171,"column":102}},"78":{"start":{"line":174,"column":26},"end":{"line":174,"column":63}},"79":{"start":{"line":175,"column":22},"end":{"line":175,"column":76}},"80":{"start":{"line":177,"column":31},"end":{"line":184,"column":5}},"81":{"start":{"line":183,"column":28},"end":{"line":183,"column":64}},"82":{"start":{"line":186,"column":17},"end":{"line":190,"column":6}},"83":{"start":{"line":192,"column":20},"end":{"line":192,"column":47}},"84":{"start":{"line":193,"column":4},"end":{"line":195,"column":5}},"85":{"start":{"line":194,"column":6},"end":{"line":194,"column":73}},"86":{"start":{"line":197,"column":4},"end":{"line":199,"column":7}},"87":{"start":{"line":201,"column":4},"end":{"line":201,"column":16}},"88":{"start":{"line":205,"column":38},"end":{"line":282,"column":1}},"89":{"start":{"line":206,"column":2},"end":{"line":281,"column":3}},"90":{"start":{"line":207,"column":25},"end":{"line":207,"column":33}},"91":{"start":{"line":209,"column":4},"end":{"line":213,"column":5}},"92":{"start":{"line":210,"column":6},"end":{"line":212,"column":9}},"93":{"start":{"line":215,"column":4},"end":{"line":219,"column":5}},"94":{"start":{"line":216,"column":6},"end":{"line":218,"column":9}},"95":{"start":{"line":223,"column":29},"end":{"line":223,"column":30}},"96":{"start":{"line":224,"column":30},"end":{"line":224,"column":32}},"97":{"start":{"line":226,"column":4},"end":{"line":238,"column":5}},"98":{"start":{"line":227,"column":23},"end":{"line":227,"column":93}},"99":{"start":{"line":228,"column":22},"end":{"line":228,"column":109}},"100":{"start":{"line":230,"column":6},"end":{"line":230,"column":29}},"101":{"start":{"line":230,"column":20},"end":{"line":230,"column":29}},"102":{"start":{"line":232,"column":6},"end":{"line":232,"column":61}},"103":{"start":{"line":233,"column":6},"end":{"line":235,"column":7}},"104":{"start":{"line":234,"column":8},"end":{"line":234,"column":14}},"105":{"start":{"line":237,"column":6},"end":{"line":237,"column":52}},"106":{"start":{"line":240,"column":4},"end":{"line":244,"column":5}},"107":{"start":{"line":241,"column":6},"end":{"line":243,"column":9}},"108":{"start":{"line":246,"column":27},"end":{"line":248,"column":17}},"109":{"start":{"line":247,"column":20},"end":{"line":247,"column":53}},"110":{"start":{"line":250,"column":22},"end":{"line":250,"column":80}},"111":{"start":{"line":252,"column":17},"end":{"line":267,"column":6}},"112":{"start":{"line":269,"column":20},"end":{"line":269,"column":47}},"113":{"start":{"line":270,"column":4},"end":{"line":272,"column":5}},"114":{"start":{"line":271,"column":6},"end":{"line":271,"column":81}},"115":{"start":{"line":274,"column":4},"end":{"line":274,"column":49}},"116":{"start":{"line":276,"column":4},"end":{"line":280,"column":5}},"117":{"start":{"line":277,"column":6},"end":{"line":277,"column":90}},"118":{"start":{"line":279,"column":6},"end":{"line":279,"column":18}},"119":{"start":{"line":284,"column":36},"end":{"line":331,"column":1}},"120":{"start":{"line":285,"column":2},"end":{"line":330,"column":3}},"121":{"start":{"line":286,"column":31},"end":{"line":286,"column":39}},"122":{"start":{"line":288,"column":4},"end":{"line":290,"column":5}},"123":{"start":{"line":289,"column":6},"end":{"line":289,"column":74}},"124":{"start":{"line":292,"column":4},"end":{"line":294,"column":5}},"125":{"start":{"line":293,"column":6},"end":{"line":293,"column":65}},"126":{"start":{"line":296,"column":26},"end":{"line":296,"column":63}},"127":{"start":{"line":297,"column":4},"end":{"line":299,"column":5}},"128":{"start":{"line":298,"column":6},"end":{"line":298,"column":79}},"129":{"start":{"line":301,"column":22},"end":{"line":301,"column":76}},"130":{"start":{"line":303,"column":31},"end":{"line":314,"column":5}},"131":{"start":{"line":313,"column":39},"end":{"line":313,"column":91}},"132":{"start":{"line":316,"column":17},"end":{"line":320,"column":6}},"133":{"start":{"line":322,"column":20},"end":{"line":322,"column":47}},"134":{"start":{"line":323,"column":4},"end":{"line":325,"column":5}},"135":{"start":{"line":324,"column":6},"end":{"line":324,"column":73}},"136":{"start":{"line":327,"column":4},"end":{"line":327,"column":34}},"137":{"start":{"line":329,"column":4},"end":{"line":329,"column":16}},"138":{"start":{"line":333,"column":43},"end":{"line":377,"column":1}},"139":{"start":{"line":334,"column":2},"end":{"line":376,"column":3}},"140":{"start":{"line":335,"column":25},"end":{"line":335,"column":33}},"141":{"start":{"line":337,"column":4},"end":{"line":339,"column":5}},"142":{"start":{"line":338,"column":6},"end":{"line":338,"column":70}},"143":{"start":{"line":341,"column":29},"end":{"line":344,"column":20}},"144":{"start":{"line":342,"column":20},"end":{"line":342,"column":95}},"145":{"start":{"line":346,"column":22},"end":{"line":346,"column":80}},"146":{"start":{"line":348,"column":17},"end":{"line":362,"column":6}},"147":{"start":{"line":364,"column":20},"end":{"line":364,"column":47}},"148":{"start":{"line":365,"column":4},"end":{"line":367,"column":5}},"149":{"start":{"line":366,"column":6},"end":{"line":366,"column":80}},"150":{"start":{"line":369,"column":4},"end":{"line":369,"column":54}},"151":{"start":{"line":371,"column":4},"end":{"line":375,"column":5}},"152":{"start":{"line":372,"column":6},"end":{"line":372,"column":89}},"153":{"start":{"line":374,"column":6},"end":{"line":374,"column":18}}},"fnMap":{"0":{"name":"(anonymous_0)","decl":{"start":{"line":33,"column":23},"end":{"line":33,"column":24}},"loc":{"start":{"line":33,"column":33},"end":{"line":40,"column":1}},"line":33},"1":{"name":"(anonymous_1)","decl":{"start":{"line":42,"column":29},"end":{"line":42,"column":30}},"loc":{"start":{"line":42,"column":53},"end":{"line":57,"column":1}},"line":42},"2":{"name":"(anonymous_2)","decl":{"start":{"line":59,"column":30},"end":{"line":59,"column":31}},"loc":{"start":{"line":59,"column":40},"end":{"line":76,"column":1}},"line":59},"3":{"name":"(anonymous_3)","decl":{"start":{"line":68,"column":14},"end":{"line":68,"column":15}},"loc":{"start":{"line":68,"column":24},"end":{"line":68,"column":78}},"line":68},"4":{"name":"(anonymous_4)","decl":{"start":{"line":69,"column":11},"end":{"line":69,"column":12}},"loc":{"start":{"line":69,"column":21},"end":{"line":69,"column":30}},"line":69},"5":{"name":"(anonymous_5)","decl":{"start":{"line":78,"column":34},"end":{"line":78,"column":35}},"loc":{"start":{"line":78,"column":47},"end":{"line":85,"column":1}},"line":78},"6":{"name":"(anonymous_6)","decl":{"start":{"line":87,"column":39},"end":{"line":87,"column":40}},"loc":{"start":{"line":87,"column":52},"end":{"line":94,"column":1}},"line":87},"7":{"name":"(anonymous_7)","decl":{"start":{"line":96,"column":23},"end":{"line":96,"column":28}},"loc":{"start":{"line":96,"column":93},"end":{"line":141,"column":1}},"line":96},"8":{"name":"(anonymous_8)","decl":{"start":{"line":133,"column":48},"end":{"line":133,"column":49}},"loc":{"start":{"line":133,"column":54},"end":{"line":133,"column":58}},"line":133},"9":{"name":"(anonymous_9)","decl":{"start":{"line":143,"column":21},"end":{"line":143,"column":26}},"loc":{"start":{"line":143,"column":47},"end":{"line":203,"column":1}},"line":143},"10":{"name":"(anonymous_10)","decl":{"start":{"line":183,"column":22},"end":{"line":183,"column":23}},"loc":{"start":{"line":183,"column":28},"end":{"line":183,"column":64}},"line":183},"11":{"name":"(anonymous_11)","decl":{"start":{"line":205,"column":38},"end":{"line":205,"column":43}},"loc":{"start":{"line":205,"column":64},"end":{"line":282,"column":1}},"line":205},"12":{"name":"(anonymous_12)","decl":{"start":{"line":247,"column":11},"end":{"line":247,"column":12}},"loc":{"start":{"line":247,"column":20},"end":{"line":247,"column":53}},"line":247},"13":{"name":"(anonymous_13)","decl":{"start":{"line":284,"column":36},"end":{"line":284,"column":41}},"loc":{"start":{"line":284,"column":62},"end":{"line":331,"column":1}},"line":284},"14":{"name":"(anonymous_14)","decl":{"start":{"line":313,"column":33},"end":{"line":313,"column":34}},"loc":{"start":{"line":313,"column":39},"end":{"line":313,"column":91}},"line":313},"15":{"name":"(anonymous_15)","decl":{"start":{"line":333,"column":43},"end":{"line":333,"column":48}},"loc":{"start":{"line":333,"column":69},"end":{"line":377,"column":1}},"line":333},"16":{"name":"(anonymous_16)","decl":{"start":{"line":342,"column":11},"end":{"line":342,"column":12}},"loc":{"start":{"line":342,"column":20},"end":{"line":342,"column":95}},"line":342}},"branchMap":{"0":{"loc":{"start":{"line":34,"column":2},"end":{"line":36,"column":3}},"type":"if","locations":[{"start":{"line":34,"column":2},"end":{"line":36,"column":3}},{"start":{},"end":{}}],"line":34},"1":{"loc":{"start":{"line":34,"column":6},"end":{"line":34,"column":46}},"type":"binary-expr","locations":[{"start":{"line":34,"column":6},"end":{"line":34,"column":30}},{"start":{"line":34,"column":34},"end":{"line":34,"column":46}}],"line":34},"2":{"loc":{"start":{"line":49,"column":2},"end":{"line":54,"column":3}},"type":"if","locations":[{"start":{"line":49,"column":2},"end":{"line":54,"column":3}},{"start":{},"end":{}}],"line":49},"3":{"loc":{"start":{"line":62,"column":2},"end":{"line":64,"column":3}},"type":"if","locations":[{"start":{"line":62,"column":2},"end":{"line":64,"column":3}},{"start":{},"end":{}}],"line":62},"4":{"loc":{"start":{"line":66,"column":2},"end":{"line":73,"column":3}},"type":"if","locations":[{"start":{"line":66,"column":2},"end":{"line":73,"column":3}},{"start":{},"end":{}}],"line":66},"5":{"loc":{"start":{"line":68,"column":24},"end":{"line":68,"column":78}},"type":"binary-expr","locations":[{"start":{"line":68,"column":24},"end":{"line":68,"column":45}},{"start":{"line":68,"column":49},"end":{"line":68,"column":78}}],"line":68},"6":{"loc":{"start":{"line":80,"column":2},"end":{"line":82,"column":3}},"type":"if","locations":[{"start":{"line":80,"column":2},"end":{"line":82,"column":3}},{"start":{},"end":{}}],"line":80},"7":{"loc":{"start":{"line":89,"column":2},"end":{"line":91,"column":3}},"type":"if","locations":[{"start":{"line":89,"column":2},"end":{"line":91,"column":3}},{"start":{},"end":{}}],"line":89},"8":{"loc":{"start":{"line":96,"column":53},"end":{"line":96,"column":70}},"type":"default-arg","locations":[{"start":{"line":96,"column":67},"end":{"line":96,"column":70}}],"line":96},"9":{"loc":{"start":{"line":97,"column":2},"end":{"line":99,"column":3}},"type":"if","locations":[{"start":{"line":97,"column":2},"end":{"line":99,"column":3}},{"start":{},"end":{}}],"line":97},"10":{"loc":{"start":{"line":108,"column":2},"end":{"line":110,"column":3}},"type":"if","locations":[{"start":{"line":108,"column":2},"end":{"line":110,"column":3}},{"start":{},"end":{}}],"line":108},"11":{"loc":{"start":{"line":123,"column":4},"end":{"line":128,"column":5}},"type":"if","locations":[{"start":{"line":123,"column":4},"end":{"line":128,"column":5}},{"start":{},"end":{}}],"line":123},"12":{"loc":{"start":{"line":132,"column":2},"end":{"line":138,"column":3}},"type":"if","locations":[{"start":{"line":132,"column":2},"end":{"line":138,"column":3}},{"start":{},"end":{}}],"line":132},"13":{"loc":{"start":{"line":136,"column":6},"end":{"line":136,"column":56}},"type":"binary-expr","locations":[{"start":{"line":136,"column":6},"end":{"line":136,"column":29}},{"start":{"line":136,"column":33},"end":{"line":136,"column":56}}],"line":136},"14":{"loc":{"start":{"line":147,"column":4},"end":{"line":149,"column":5}},"type":"if","locations":[{"start":{"line":147,"column":4},"end":{"line":149,"column":5}},{"start":{},"end":{}}],"line":147},"15":{"loc":{"start":{"line":147,"column":8},"end":{"line":147,"column":57}},"type":"binary-expr","locations":[{"start":{"line":147,"column":8},"end":{"line":147,"column":32}},{"start":{"line":147,"column":36},"end":{"line":147,"column":57}}],"line":147},"16":{"loc":{"start":{"line":151,"column":4},"end":{"line":153,"column":5}},"type":"if","locations":[{"start":{"line":151,"column":4},"end":{"line":153,"column":5}},{"start":{},"end":{}}],"line":151},"17":{"loc":{"start":{"line":158,"column":6},"end":{"line":160,"column":7}},"type":"if","locations":[{"start":{"line":158,"column":6},"end":{"line":160,"column":7}},{"start":{},"end":{}}],"line":158},"18":{"loc":{"start":{"line":158,"column":10},"end":{"line":158,"column":53}},"type":"binary-expr","locations":[{"start":{"line":158,"column":10},"end":{"line":158,"column":27}},{"start":{"line":158,"column":31},"end":{"line":158,"column":53}}],"line":158},"19":{"loc":{"start":{"line":161,"column":6},"end":{"line":163,"column":7}},"type":"if","locations":[{"start":{"line":161,"column":6},"end":{"line":163,"column":7}},{"start":{},"end":{}}],"line":161},"20":{"loc":{"start":{"line":164,"column":6},"end":{"line":166,"column":7}},"type":"if","locations":[{"start":{"line":164,"column":6},"end":{"line":166,"column":7}},{"start":{},"end":{}}],"line":164},"21":{"loc":{"start":{"line":170,"column":4},"end":{"line":172,"column":5}},"type":"if","locations":[{"start":{"line":170,"column":4},"end":{"line":172,"column":5}},{"start":{},"end":{}}],"line":170},"22":{"loc":{"start":{"line":193,"column":4},"end":{"line":195,"column":5}},"type":"if","locations":[{"start":{"line":193,"column":4},"end":{"line":195,"column":5}},{"start":{},"end":{}}],"line":193},"23":{"loc":{"start":{"line":209,"column":4},"end":{"line":213,"column":5}},"type":"if","locations":[{"start":{"line":209,"column":4},"end":{"line":213,"column":5}},{"start":{},"end":{}}],"line":209},"24":{"loc":{"start":{"line":209,"column":8},"end":{"line":209,"column":57}},"type":"binary-expr","locations":[{"start":{"line":209,"column":8},"end":{"line":209,"column":32}},{"start":{"line":209,"column":36},"end":{"line":209,"column":57}}],"line":209},"25":{"loc":{"start":{"line":215,"column":4},"end":{"line":219,"column":5}},"type":"if","locations":[{"start":{"line":215,"column":4},"end":{"line":219,"column":5}},{"start":{},"end":{}}],"line":215},"26":{"loc":{"start":{"line":227,"column":23},"end":{"line":227,"column":93}},"type":"cond-expr","locations":[{"start":{"line":227,"column":58},"end":{"line":227,"column":84}},{"start":{"line":227,"column":87},"end":{"line":227,"column":93}}],"line":227},"27":{"loc":{"start":{"line":228,"column":22},"end":{"line":228,"column":109}},"type":"cond-expr","locations":[{"start":{"line":228,"column":56},"end":{"line":228,"column":104}},{"start":{"line":228,"column":107},"end":{"line":228,"column":109}}],"line":228},"28":{"loc":{"start":{"line":230,"column":6},"end":{"line":230,"column":29}},"type":"if","locations":[{"start":{"line":230,"column":6},"end":{"line":230,"column":29}},{"start":{},"end":{}}],"line":230},"29":{"loc":{"start":{"line":233,"column":6},"end":{"line":235,"column":7}},"type":"if","locations":[{"start":{"line":233,"column":6},"end":{"line":235,"column":7}},{"start":{},"end":{}}],"line":233},"30":{"loc":{"start":{"line":240,"column":4},"end":{"line":244,"column":5}},"type":"if","locations":[{"start":{"line":240,"column":4},"end":{"line":244,"column":5}},{"start":{},"end":{}}],"line":240},"31":{"loc":{"start":{"line":270,"column":4},"end":{"line":272,"column":5}},"type":"if","locations":[{"start":{"line":270,"column":4},"end":{"line":272,"column":5}},{"start":{},"end":{}}],"line":270},"32":{"loc":{"start":{"line":276,"column":4},"end":{"line":280,"column":5}},"type":"if","locations":[{"start":{"line":276,"column":4},"end":{"line":280,"column":5}},{"start":{"line":278,"column":11},"end":{"line":280,"column":5}}],"line":276},"33":{"loc":{"start":{"line":276,"column":8},"end":{"line":276,"column":110}},"type":"binary-expr","locations":[{"start":{"line":276,"column":8},"end":{"line":276,"column":36}},{"start":{"line":276,"column":40},"end":{"line":276,"column":110}}],"line":276},"34":{"loc":{"start":{"line":288,"column":4},"end":{"line":290,"column":5}},"type":"if","locations":[{"start":{"line":288,"column":4},"end":{"line":290,"column":5}},{"start":{},"end":{}}],"line":288},"35":{"loc":{"start":{"line":288,"column":8},"end":{"line":288,"column":57}},"type":"binary-expr","locations":[{"start":{"line":288,"column":8},"end":{"line":288,"column":32}},{"start":{"line":288,"column":36},"end":{"line":288,"column":57}}],"line":288},"36":{"loc":{"start":{"line":292,"column":4},"end":{"line":294,"column":5}},"type":"if","locations":[{"start":{"line":292,"column":4},"end":{"line":294,"column":5}},{"start":{},"end":{}}],"line":292},"37":{"loc":{"start":{"line":292,"column":8},"end":{"line":292,"column":48}},"type":"binary-expr","locations":[{"start":{"line":292,"column":8},"end":{"line":292,"column":32}},{"start":{"line":292,"column":36},"end":{"line":292,"column":48}}],"line":292},"38":{"loc":{"start":{"line":297,"column":4},"end":{"line":299,"column":5}},"type":"if","locations":[{"start":{"line":297,"column":4},"end":{"line":299,"column":5}},{"start":{},"end":{}}],"line":297},"39":{"loc":{"start":{"line":297,"column":8},"end":{"line":297,"column":72}},"type":"binary-expr","locations":[{"start":{"line":297,"column":8},"end":{"line":297,"column":41}},{"start":{"line":297,"column":45},"end":{"line":297,"column":72}}],"line":297},"40":{"loc":{"start":{"line":313,"column":47},"end":{"line":313,"column":63}},"type":"binary-expr","locations":[{"start":{"line":313,"column":47},"end":{"line":313,"column":53}},{"start":{"line":313,"column":57},"end":{"line":313,"column":63}}],"line":313},"41":{"loc":{"start":{"line":313,"column":74},"end":{"line":313,"column":89}},"type":"binary-expr","locations":[{"start":{"line":313,"column":74},"end":{"line":313,"column":83}},{"start":{"line":313,"column":87},"end":{"line":313,"column":89}}],"line":313},"42":{"loc":{"start":{"line":323,"column":4},"end":{"line":325,"column":5}},"type":"if","locations":[{"start":{"line":323,"column":4},"end":{"line":325,"column":5}},{"start":{},"end":{}}],"line":323},"43":{"loc":{"start":{"line":337,"column":4},"end":{"line":339,"column":5}},"type":"if","locations":[{"start":{"line":337,"column":4},"end":{"line":339,"column":5}},{"start":{},"end":{}}],"line":337},"44":{"loc":{"start":{"line":337,"column":8},"end":{"line":337,"column":57}},"type":"binary-expr","locations":[{"start":{"line":337,"column":8},"end":{"line":337,"column":32}},{"start":{"line":337,"column":36},"end":{"line":337,"column":57}}],"line":337},"45":{"loc":{"start":{"line":342,"column":23},"end":{"line":342,"column":77}},"type":"cond-expr","locations":[{"start":{"line":342,"column":50},"end":{"line":342,"column":63}},{"start":{"line":342,"column":66},"end":{"line":342,"column":77}}],"line":342},"46":{"loc":{"start":{"line":365,"column":4},"end":{"line":367,"column":5}},"type":"if","locations":[{"start":{"line":365,"column":4},"end":{"line":367,"column":5}},{"start":{},"end":{}}],"line":365},"47":{"loc":{"start":{"line":371,"column":4},"end":{"line":375,"column":5}},"type":"if","locations":[{"start":{"line":371,"column":4},"end":{"line":375,"column":5}},{"start":{"line":373,"column":11},"end":{"line":375,"column":5}}],"line":371},"48":{"loc":{"start":{"line":371,"column":8},"end":{"line":371,"column":106}},"type":"binary-expr","locations":[{"start":{"line":371,"column":8},"end":{"line":371,"column":36}},{"start":{"line":371,"column":40},"end":{"line":371,"column":106}}],"line":371}},"s":{"0":3,"1":3,"2":3,"3":3,"4":3,"5":3,"6":3,"7":3,"8":3,"9":3,"10":3,"11":3,"12":3,"13":3,"14":3,"15":4,"16":0,"17":4,"18":3,"19":4,"20":4,"21":4,"22":0,"23":4,"24":3,"25":3,"26":3,"27":3,"28":0,"29":0,"30":0,"31":0,"32":0,"33":0,"34":3,"35":2,"36":2,"37":1,"38":0,"39":3,"40":0,"41":0,"42":0,"43":0,"44":3,"45":4,"46":0,"47":4,"48":4,"49":2,"50":4,"51":4,"52":1,"53":1,"54":0,"55":3,"56":0,"57":0,"58":0,"59":3,"60":3,"61":2,"62":2,"63":2,"64":0,"65":2,"66":0,"67":2,"68":2,"69":2,"70":0,"71":2,"72":0,"73":2,"74":0,"75":2,"76":2,"77":0,"78":2,"79":2,"80":2,"81":2,"82":2,"83":1,"84":1,"85":0,"86":1,"87":1,"88":3,"89":2,"90":2,"91":2,"92":0,"93":2,"94":0,"95":2,"96":2,"97":2,"98":3,"99":3,"100":3,"101":0,"102":3,"103":3,"104":0,"105":3,"106":2,"107":0,"108":2,"109":3,"110":2,"111":2,"112":2,"113":2,"114":0,"115":2,"116":1,"117":1,"118":0,"119":3,"120":0,"121":0,"122":0,"123":0,"124":0,"125":0,"126":0,"127":0,"128":0,"129":0,"130":0,"131":0,"132":0,"133":0,"134":0,"135":0,"136":0,"137":0,"138":3,"139":0,"140":0,"141":0,"142":0,"143":0,"144":0,"145":0,"146":0,"147":0,"148":0,"149":0,"150":0,"151":0,"152":0,"153":0},"f":{"0":4,"1":4,"2":3,"3":0,"4":0,"5":2,"6":0,"7":4,"8":0,"9":2,"10":2,"11":2,"12":3,"13":0,"14":0,"15":0,"16":0},"b":{"0":[0,4],"1":[4,4],"2":[0,4],"3":[3,0],"4":[0,0],"5":[0,0],"6":[1,1],"7":[0,0],"8":[4],"9":[0,4],"10":[2,2],"11":[1,0],"12":[0,3],"13":[0,0],"14":[0,2],"15":[2,2],"16":[0,2],"17":[0,2],"18":[2,0],"19":[0,2],"20":[0,2],"21":[0,2],"22":[0,1],"23":[0,2],"24":[2,2],"25":[0,2],"26":[3,0],"27":[3,0],"28":[0,3],"29":[0,3],"30":[0,2],"31":[0,2],"32":[1,0],"33":[1,0],"34":[0,0],"35":[0,0],"36":[0,0],"37":[0,0],"38":[0,0],"39":[0,0],"40":[0,0],"41":[0,0],"42":[0,0],"43":[0,0],"44":[0,0],"45":[0,0],"46":[0,0],"47":[0,0],"48":[0,0]},"meta":{"lastBranch":49,"lastFunction":17,"lastStatement":154,"seen":{"s:5:23:5:70":0,"s:6:25:6:45":1,"s:8:26:8:29":2,"s:9:27:9:30":3,"s:10:29:10:31":4,"s:11:33:11:37":5,"s:12:42:12:45":6,"s:15:35:15:39":7,"s:16:35:16:39":8,"s:17:29:17:31":9,"s:18:25:18:27":10,"s:19:33:19:38":11,"s:21:30:24:2":12,"s:26:34:31:2":13,"s:33:23:40:1":14,"f:33:23:33:24":0,"b:34:2:36:3:undefined:undefined:undefined:undefined":0,"s:34:2:36:3":15,"b:34:6:34:30:34:34:34:46":1,"s:35:4:35:13":16,"s:39:2:39:36":17,"s:42:29:57:1":18,"f:42:29:42:30":1,"s:43:31:43:56":19,"s:45:4:47:37":20,"b:49:2:54:3:undefined:undefined:undefined:undefined":2,"s:49:2:54:3":21,"s:50:4:53:6":22,"s:56:2:56:70":23,"s:59:30:76:1":24,"f:59:30:59:31":2,"s:60:18:60:54":25,"b:62:2:64:3:undefined:undefined:undefined:undefined":3,"s:62:2:64:3":26,"s:63:4:63:26":27,"b:66:2:73:3:undefined:undefined:undefined:undefined":4,"s:66:2:73:3":28,"s:67:17:71:13":29,"f:68:14:68:15":3,"s:68:24:68:78":30,"b:68:24:68:45:68:49:68:78":5,"f:69:11:69:12":4,"s:69:21:69:30":31,"s:72:4:72:16":32,"s:75:2:75:12":33,"s:78:34:85:1":34,"f:78:34:78:35":5,"s:79:17:79:69":35,"b:80:2:82:3:undefined:undefined:undefined:undefined":6,"s:80:2:82:3":36,"s:81:4:81:23":37,"s:84:2:84:72":38,"s:87:39:94:1":39,"f:87:39:87:40":6,"s:88:17:88:73":40,"b:89:2:91:3:undefined:undefined:undefined:undefined":7,"s:89:2:91:3":41,"s:90:4:90:23":42,"s:93:2:93:86":43,"s:96:23:141:1":44,"f:96:23:96:28":7,"b:96:67:96:70":8,"b:97:2:99:3:undefined:undefined:undefined:undefined":9,"s:97:2:99:3":45,"s:98:4:98:62":46,"s:101:15:106:3":47,"b:108:2:110:3:undefined:undefined:undefined:undefined":10,"s:108:2:110:3":48,"s:109:4:109:42":49,"s:113:2:130:3":50,"s:114:4:121:7":51,"b:123:4:128:5:undefined:undefined:undefined:undefined":11,"s:123:4:128:5":52,"s:124:6:127:9":53,"s:129:4:129:16":54,"b:132:2:138:3:undefined:undefined:undefined:undefined":12,"s:132:2:138:3":55,"s:133:20:133:59":56,"f:133:48:133:49":8,"s:133:54:133:58":57,"s:134:4:137:6":58,"b:136:6:136:29:136:33:136:56":13,"s:140:2:140:25":59,"s:143:21:203:1":60,"f:143:21:143:26":9,"s:144:2:202:3":61,"s:145:25:145:33":62,"b:147:4:149:5:undefined:undefined:undefined:undefined":14,"s:147:4:149:5":63,"b:147:8:147:32:147:36:147:57":15,"s:148:6:148:74":64,"b:151:4:153:5:undefined:undefined:undefined:undefined":16,"s:151:4:153:5":65,"s:152:6:152:97":66,"s:156:29:156:30":67,"s:157:4:168:5":68,"b:158:6:160:7:undefined:undefined:undefined:undefined":17,"s:158:6:160:7":69,"b:158:10:158:27:158:31:158:53":18,"s:159:8:159:101":70,"b:161:6:163:7:undefined:undefined:undefined:undefined":19,"s:161:6:163:7":71,"s:162:8:162:97":72,"b:164:6:166:7:undefined:undefined:undefined:undefined":20,"s:164:6:166:7":73,"s:165:8:165:119":74,"s:167:6:167:45":75,"b:170:4:172:5:undefined:undefined:undefined:undefined":21,"s:170:4:172:5":76,"s:171:6:171:102":77,"s:174:26:174:63":78,"s:175:22:175:76":79,"s:177:31:184:5":80,"f:183:22:183:23":10,"s:183:28:183:64":81,"s:186:17:190:6":82,"s:192:20:192:47":83,"b:193:4:195:5:undefined:undefined:undefined:undefined":22,"s:193:4:195:5":84,"s:194:6:194:73":85,"s:197:4:199:7":86,"s:201:4:201:16":87,"s:205:38:282:1":88,"f:205:38:205:43":11,"s:206:2:281:3":89,"s:207:25:207:33":90,"b:209:4:213:5:undefined:undefined:undefined:undefined":23,"s:209:4:213:5":91,"b:209:8:209:32:209:36:209:57":24,"s:210:6:212:9":92,"b:215:4:219:5:undefined:undefined:undefined:undefined":25,"s:215:4:219:5":93,"s:216:6:218:9":94,"s:223:29:223:30":95,"s:224:30:224:32":96,"s:226:4:238:5":97,"s:227:23:227:93":98,"b:227:58:227:84:227:87:227:93":26,"s:228:22:228:109":99,"b:228:56:228:104:228:107:228:109":27,"b:230:6:230:29:undefined:undefined:undefined:undefined":28,"s:230:6:230:29":100,"s:230:20:230:29":101,"s:232:6:232:61":102,"b:233:6:235:7:undefined:undefined:undefined:undefined":29,"s:233:6:235:7":103,"s:234:8:234:14":104,"s:237:6:237:52":105,"b:240:4:244:5:undefined:undefined:undefined:undefined":30,"s:240:4:244:5":106,"s:241:6:243:9":107,"s:246:27:248:17":108,"f:247:11:247:12":12,"s:247:20:247:53":109,"s:250:22:250:80":110,"s:252:17:267:6":111,"s:269:20:269:47":112,"b:270:4:272:5:undefined:undefined:undefined:undefined":31,"s:270:4:272:5":113,"s:271:6:271:81":114,"s:274:4:274:49":115,"b:276:4:280:5:278:11:280:5":32,"s:276:4:280:5":116,"b:276:8:276:36:276:40:276:110":33,"s:277:6:277:90":117,"s:279:6:279:18":118,"s:284:36:331:1":119,"f:284:36:284:41":13,"s:285:2:330:3":120,"s:286:31:286:39":121,"b:288:4:290:5:undefined:undefined:undefined:undefined":34,"s:288:4:290:5":122,"b:288:8:288:32:288:36:288:57":35,"s:289:6:289:74":123,"b:292:4:294:5:undefined:undefined:undefined:undefined":36,"s:292:4:294:5":124,"b:292:8:292:32:292:36:292:48":37,"s:293:6:293:65":125,"s:296:26:296:63":126,"b:297:4:299:5:undefined:undefined:undefined:undefined":38,"s:297:4:299:5":127,"b:297:8:297:41:297:45:297:72":39,"s:298:6:298:79":128,"s:301:22:301:76":129,"s:303:31:314:5":130,"f:313:33:313:34":14,"s:313:39:313:91":131,"b:313:47:313:53:313:57:313:63":40,"b:313:74:313:83:313:87:313:89":41,"s:316:17:320:6":132,"s:322:20:322:47":133,"b:323:4:325:5:undefined:undefined:undefined:undefined":42,"s:323:4:325:5":134,"s:324:6:324:73":135,"s:327:4:327:34":136,"s:329:4:329:16":137,"s:333:43:377:1":138,"f:333:43:333:48":15,"s:334:2:376:3":139,"s:335:25:335:33":140,"b:337:4:339:5:undefined:undefined:undefined:undefined":43,"s:337:4:339:5":141,"b:337:8:337:32:337:36:337:57":44,"s:338:6:338:70":142,"s:341:29:344:20":143,"f:342:11:342:12":16,"s:342:20:342:95":144,"b:342:50:342:63:342:66:342:77":45,"s:346:22:346:80":145,"s:348:17:362:6":146,"s:364:20:364:47":147,"b:365:4:367:5:undefined:undefined:undefined:undefined":46,"s:365:4:367:5":148,"s:366:6:366:80":149,"s:369:4:369:54":150,"b:371:4:375:5:373:11:375:5":47,"s:371:4:375:5":151,"b:371:8:371:36:371:40:371:106":48,"s:372:6:372:89":152,"s:374:6:374:18":153}}}
,"C:\\Users\\user\\.gemini\\antigravity\\scratch\\peer-learning\\backend\\controllers\\cronController.js": {"path":"C:\\Users\\user\\.gemini\\antigravity\\scratch\\peer-learning\\backend\\controllers\\cronController.js","statementMap":{"0":{"start":{"line":4,"column":26},"end":{"line":13,"column":1}},"1":{"start":{"line":5,"column":22},"end":{"line":5,"column":79}},"2":{"start":{"line":6,"column":25},"end":{"line":6,"column":62}},"3":{"start":{"line":8,"column":2},"end":{"line":10,"column":3}},"4":{"start":{"line":9,"column":4},"end":{"line":9,"column":73}},"5":{"start":{"line":12,"column":2},"end":{"line":12,"column":51}},"6":{"start":{"line":15,"column":41},"end":{"line":82,"column":1}},"7":{"start":{"line":16,"column":2},"end":{"line":81,"column":3}},"8":{"start":{"line":17,"column":27},"end":{"line":17,"column":55}},"9":{"start":{"line":18,"column":28},"end":{"line":18,"column":57}},"10":{"start":{"line":19,"column":25},"end":{"line":19,"column":80}},"11":{"start":{"line":21,"column":4},"end":{"line":23,"column":5}},"12":{"start":{"line":22,"column":6},"end":{"line":22,"column":78}},"13":{"start":{"line":25,"column":4},"end":{"line":25,"column":75}},"14":{"start":{"line":26,"column":21},"end":{"line":26,"column":40}},"15":{"start":{"line":28,"column":43},"end":{"line":33,"column":17}},"16":{"start":{"line":35,"column":4},"end":{"line":37,"column":5}},"17":{"start":{"line":36,"column":6},"end":{"line":36,"column":60}},"18":{"start":{"line":39,"column":4},"end":{"line":41,"column":5}},"19":{"start":{"line":40,"column":6},"end":{"line":40,"column":49}},"20":{"start":{"line":43,"column":15},"end":{"line":43,"column":16}},"21":{"start":{"line":45,"column":4},"end":{"line":76,"column":5}},"22":{"start":{"line":46,"column":38},"end":{"line":49,"column":44}},"23":{"start":{"line":51,"column":26},"end":{"line":68,"column":7}},"24":{"start":{"line":53,"column":10},"end":{"line":66,"column":11}},"25":{"start":{"line":70,"column":6},"end":{"line":70,"column":83}},"26":{"start":{"line":70,"column":45},"end":{"line":70,"column":74}},"27":{"start":{"line":72,"column":6},"end":{"line":75,"column":35}},"28":{"start":{"line":78,"column":4},"end":{"line":78,"column":56}},"29":{"start":{"line":80,"column":4},"end":{"line":80,"column":16}},"30":{"start":{"line":84,"column":36},"end":{"line":153,"column":1}},"31":{"start":{"line":85,"column":2},"end":{"line":152,"column":3}},"32":{"start":{"line":86,"column":21},"end":{"line":86,"column":40}},"33":{"start":{"line":87,"column":16},"end":{"line":87,"column":26}},"34":{"start":{"line":88,"column":24},"end":{"line":88,"column":68}},"35":{"start":{"line":89,"column":22},"end":{"line":89,"column":66}},"36":{"start":{"line":91,"column":38},"end":{"line":104,"column":35}},"37":{"start":{"line":106,"column":4},"end":{"line":108,"column":5}},"38":{"start":{"line":107,"column":6},"end":{"line":107,"column":60}},"39":{"start":{"line":111,"column":6},"end":{"line":132,"column":14}},"40":{"start":{"line":112,"column":31},"end":{"line":112,"column":40}},"41":{"start":{"line":114,"column":8},"end":{"line":116,"column":9}},"42":{"start":{"line":115,"column":10},"end":{"line":115,"column":48}},"43":{"start":{"line":118,"column":8},"end":{"line":122,"column":9}},"44":{"start":{"line":119,"column":10},"end":{"line":121,"column":11}},"45":{"start":{"line":120,"column":12},"end":{"line":120,"column":52}},"46":{"start":{"line":124,"column":8},"end":{"line":131,"column":12}},"47":{"start":{"line":124,"column":52},"end":{"line":131,"column":9}},"48":{"start":{"line":134,"column":4},"end":{"line":136,"column":5}},"49":{"start":{"line":135,"column":6},"end":{"line":135,"column":39}},"50":{"start":{"line":138,"column":35},"end":{"line":143,"column":8}},"51":{"start":{"line":145,"column":4},"end":{"line":147,"column":5}},"52":{"start":{"line":146,"column":6},"end":{"line":146,"column":66}},"53":{"start":{"line":149,"column":4},"end":{"line":149,"column":49}},"54":{"start":{"line":151,"column":4},"end":{"line":151,"column":16}},"55":{"start":{"line":155,"column":46},"end":{"line":232,"column":1}},"56":{"start":{"line":156,"column":2},"end":{"line":231,"column":3}},"57":{"start":{"line":157,"column":21},"end":{"line":157,"column":40}},"58":{"start":{"line":158,"column":16},"end":{"line":158,"column":26}},"59":{"start":{"line":159,"column":21},"end":{"line":159,"column":80}},"60":{"start":{"line":162,"column":40},"end":{"line":177,"column":32}},"61":{"start":{"line":179,"column":4},"end":{"line":181,"column":5}},"62":{"start":{"line":180,"column":6},"end":{"line":180,"column":60}},"63":{"start":{"line":183,"column":26},"end":{"line":183,"column":28}},"64":{"start":{"line":184,"column":4},"end":{"line":211,"column":5}},"65":{"start":{"line":185,"column":19},"end":{"line":185,"column":37}},"66":{"start":{"line":186,"column":6},"end":{"line":186,"column":26}},"67":{"start":{"line":186,"column":17},"end":{"line":186,"column":26}},"68":{"start":{"line":188,"column":24},"end":{"line":188,"column":50}},"69":{"start":{"line":189,"column":20},"end":{"line":189,"column":74}},"70":{"start":{"line":190,"column":19},"end":{"line":190,"column":147}},"71":{"start":{"line":193,"column":6},"end":{"line":200,"column":9}},"72":{"start":{"line":203,"column":6},"end":{"line":210,"column":9}},"73":{"start":{"line":213,"column":4},"end":{"line":215,"column":5}},"74":{"start":{"line":214,"column":6},"end":{"line":214,"column":39}},"75":{"start":{"line":217,"column":35},"end":{"line":222,"column":8}},"76":{"start":{"line":224,"column":4},"end":{"line":226,"column":5}},"77":{"start":{"line":225,"column":6},"end":{"line":225,"column":66}},"78":{"start":{"line":228,"column":4},"end":{"line":228,"column":49}},"79":{"start":{"line":230,"column":4},"end":{"line":230,"column":16}}},"fnMap":{"0":{"name":"(anonymous_0)","decl":{"start":{"line":4,"column":26},"end":{"line":4,"column":27}},"loc":{"start":{"line":4,"column":32},"end":{"line":13,"column":1}},"line":4},"1":{"name":"(anonymous_1)","decl":{"start":{"line":15,"column":41},"end":{"line":15,"column":46}},"loc":{"start":{"line":15,"column":67},"end":{"line":82,"column":1}},"line":15},"2":{"name":"(anonymous_2)","decl":{"start":{"line":52,"column":34},"end":{"line":52,"column":35}},"loc":{"start":{"line":53,"column":10},"end":{"line":66,"column":11}},"line":53},"3":{"name":"(anonymous_3)","decl":{"start":{"line":70,"column":33},"end":{"line":70,"column":34}},"loc":{"start":{"line":70,"column":45},"end":{"line":70,"column":74}},"line":70},"4":{"name":"(anonymous_4)","decl":{"start":{"line":84,"column":36},"end":{"line":84,"column":41}},"loc":{"start":{"line":84,"column":62},"end":{"line":153,"column":1}},"line":84},"5":{"name":"(anonymous_5)","decl":{"start":{"line":111,"column":24},"end":{"line":111,"column":25}},"loc":{"start":{"line":111,"column":37},"end":{"line":132,"column":7}},"line":111},"6":{"name":"(anonymous_6)","decl":{"start":{"line":124,"column":39},"end":{"line":124,"column":40}},"loc":{"start":{"line":124,"column":52},"end":{"line":131,"column":9}},"line":124},"7":{"name":"(anonymous_7)","decl":{"start":{"line":155,"column":46},"end":{"line":155,"column":51}},"loc":{"start":{"line":155,"column":72},"end":{"line":232,"column":1}},"line":155}},"branchMap":{"0":{"loc":{"start":{"line":5,"column":22},"end":{"line":5,"column":79}},"type":"binary-expr","locations":[{"start":{"line":5,"column":22},"end":{"line":5,"column":46}},{"start":{"line":5,"column":50},"end":{"line":5,"column":79}}],"line":5},"1":{"loc":{"start":{"line":8,"column":2},"end":{"line":10,"column":3}},"type":"if","locations":[{"start":{"line":8,"column":2},"end":{"line":10,"column":3}},{"start":{},"end":{}}],"line":8},"2":{"loc":{"start":{"line":8,"column":6},"end":{"line":8,"column":37}},"type":"binary-expr","locations":[{"start":{"line":8,"column":6},"end":{"line":8,"column":18}},{"start":{"line":8,"column":22},"end":{"line":8,"column":37}}],"line":8},"3":{"loc":{"start":{"line":19,"column":25},"end":{"line":19,"column":80}},"type":"binary-expr","locations":[{"start":{"line":19,"column":25},"end":{"line":19,"column":50}},{"start":{"line":19,"column":54},"end":{"line":19,"column":80}}],"line":19},"4":{"loc":{"start":{"line":21,"column":4},"end":{"line":23,"column":5}},"type":"if","locations":[{"start":{"line":21,"column":4},"end":{"line":23,"column":5}},{"start":{},"end":{}}],"line":21},"5":{"loc":{"start":{"line":21,"column":8},"end":{"line":21,"column":43}},"type":"binary-expr","locations":[{"start":{"line":21,"column":8},"end":{"line":21,"column":23}},{"start":{"line":21,"column":27},"end":{"line":21,"column":43}}],"line":21},"6":{"loc":{"start":{"line":35,"column":4},"end":{"line":37,"column":5}},"type":"if","locations":[{"start":{"line":35,"column":4},"end":{"line":37,"column":5}},{"start":{},"end":{}}],"line":35},"7":{"loc":{"start":{"line":39,"column":4},"end":{"line":41,"column":5}},"type":"if","locations":[{"start":{"line":39,"column":4},"end":{"line":41,"column":5}},{"start":{},"end":{}}],"line":39},"8":{"loc":{"start":{"line":39,"column":8},"end":{"line":39,"column":52}},"type":"binary-expr","locations":[{"start":{"line":39,"column":8},"end":{"line":39,"column":22}},{"start":{"line":39,"column":26},"end":{"line":39,"column":52}}],"line":39},"9":{"loc":{"start":{"line":52,"column":9},"end":{"line":52,"column":28}},"type":"binary-expr","locations":[{"start":{"line":52,"column":9},"end":{"line":52,"column":22}},{"start":{"line":52,"column":26},"end":{"line":52,"column":28}}],"line":52},"10":{"loc":{"start":{"line":64,"column":26},"end":{"line":64,"column":69}},"type":"binary-expr","locations":[{"start":{"line":64,"column":26},"end":{"line":64,"column":49}},{"start":{"line":64,"column":53},"end":{"line":64,"column":69}}],"line":64},"11":{"loc":{"start":{"line":106,"column":4},"end":{"line":108,"column":5}},"type":"if","locations":[{"start":{"line":106,"column":4},"end":{"line":108,"column":5}},{"start":{},"end":{}}],"line":106},"12":{"loc":{"start":{"line":111,"column":6},"end":{"line":132,"column":14}},"type":"binary-expr","locations":[{"start":{"line":111,"column":6},"end":{"line":132,"column":8}},{"start":{"line":132,"column":12},"end":{"line":132,"column":14}}],"line":111},"13":{"loc":{"start":{"line":114,"column":8},"end":{"line":116,"column":9}},"type":"if","locations":[{"start":{"line":114,"column":8},"end":{"line":116,"column":9}},{"start":{},"end":{}}],"line":114},"14":{"loc":{"start":{"line":118,"column":34},"end":{"line":118,"column":68}},"type":"binary-expr","locations":[{"start":{"line":118,"column":34},"end":{"line":118,"column":62}},{"start":{"line":118,"column":66},"end":{"line":118,"column":68}}],"line":118},"15":{"loc":{"start":{"line":119,"column":10},"end":{"line":121,"column":11}},"type":"if","locations":[{"start":{"line":119,"column":10},"end":{"line":121,"column":11}},{"start":{},"end":{}}],"line":119},"16":{"loc":{"start":{"line":134,"column":4},"end":{"line":136,"column":5}},"type":"if","locations":[{"start":{"line":134,"column":4},"end":{"line":136,"column":5}},{"start":{},"end":{}}],"line":134},"17":{"loc":{"start":{"line":145,"column":4},"end":{"line":147,"column":5}},"type":"if","locations":[{"start":{"line":145,"column":4},"end":{"line":147,"column":5}},{"start":{},"end":{}}],"line":145},"18":{"loc":{"start":{"line":179,"column":4},"end":{"line":181,"column":5}},"type":"if","locations":[{"start":{"line":179,"column":4},"end":{"line":181,"column":5}},{"start":{},"end":{}}],"line":179},"19":{"loc":{"start":{"line":184,"column":20},"end":{"line":184,"column":36}},"type":"binary-expr","locations":[{"start":{"line":184,"column":20},"end":{"line":184,"column":30}},{"start":{"line":184,"column":34},"end":{"line":184,"column":36}}],"line":184},"20":{"loc":{"start":{"line":186,"column":6},"end":{"line":186,"column":26}},"type":"if","locations":[{"start":{"line":186,"column":6},"end":{"line":186,"column":26}},{"start":{},"end":{}}],"line":186},"21":{"loc":{"start":{"line":189,"column":20},"end":{"line":189,"column":74}},"type":"cond-expr","locations":[{"start":{"line":189,"column":32},"end":{"line":189,"column":51}},{"start":{"line":189,"column":54},"end":{"line":189,"column":74}}],"line":189},"22":{"loc":{"start":{"line":190,"column":76},"end":{"line":190,"column":110}},"type":"cond-expr","locations":[{"start":{"line":190,"column":88},"end":{"line":190,"column":97}},{"start":{"line":190,"column":100},"end":{"line":190,"column":110}}],"line":190},"23":{"loc":{"start":{"line":213,"column":4},"end":{"line":215,"column":5}},"type":"if","locations":[{"start":{"line":213,"column":4},"end":{"line":215,"column":5}},{"start":{},"end":{}}],"line":213},"24":{"loc":{"start":{"line":224,"column":4},"end":{"line":226,"column":5}},"type":"if","locations":[{"start":{"line":224,"column":4},"end":{"line":226,"column":5}},{"start":{},"end":{}}],"line":224}},"s":{"0":1,"1":0,"2":0,"3":0,"4":0,"5":0,"6":1,"7":0,"8":0,"9":0,"10":0,"11":0,"12":0,"13":0,"14":0,"15":0,"16":0,"17":0,"18":0,"19":0,"20":0,"21":0,"22":0,"23":0,"24":0,"25":0,"26":0,"27":0,"28":0,"29":0,"30":1,"31":0,"32":0,"33":0,"34":0,"35":0,"36":0,"37":0,"38":0,"39":0,"40":0,"41":0,"42":0,"43":0,"44":0,"45":0,"46":0,"47":0,"48":0,"49":0,"50":0,"51":0,"52":0,"53":0,"54":0,"55":1,"56":0,"57":0,"58":0,"59":0,"60":0,"61":0,"62":0,"63":0,"64":0,"65":0,"66":0,"67":0,"68":0,"69":0,"70":0,"71":0,"72":0,"73":0,"74":0,"75":0,"76":0,"77":0,"78":0,"79":0},"f":{"0":0,"1":0,"2":0,"3":0,"4":0,"5":0,"6":0,"7":0},"b":{"0":[0,0],"1":[0,0],"2":[0,0],"3":[0,0],"4":[0,0],"5":[0,0],"6":[0,0],"7":[0,0],"8":[0,0],"9":[0,0],"10":[0,0],"11":[0,0],"12":[0,0],"13":[0,0],"14":[0,0],"15":[0,0],"16":[0,0],"17":[0,0],"18":[0,0],"19":[0,0],"20":[0,0],"21":[0,0],"22":[0,0],"23":[0,0],"24":[0,0]},"meta":{"lastBranch":25,"lastFunction":8,"lastStatement":80,"seen":{"s:4:26:13:1":0,"f:4:26:4:27":0,"s:5:22:5:79":1,"b:5:22:5:46:5:50:5:79":0,"s:6:25:6:62":2,"b:8:2:10:3:undefined:undefined:undefined:undefined":1,"s:8:2:10:3":3,"b:8:6:8:18:8:22:8:37":2,"s:9:4:9:73":4,"s:12:2:12:51":5,"s:15:41:82:1":6,"f:15:41:15:46":1,"s:16:2:81:3":7,"s:17:27:17:55":8,"s:18:28:18:57":9,"s:19:25:19:80":10,"b:19:25:19:50:19:54:19:80":3,"b:21:4:23:5:undefined:undefined:undefined:undefined":4,"s:21:4:23:5":11,"b:21:8:21:23:21:27:21:43":5,"s:22:6:22:78":12,"s:25:4:25:75":13,"s:26:21:26:40":14,"s:28:43:33:17":15,"b:35:4:37:5:undefined:undefined:undefined:undefined":6,"s:35:4:37:5":16,"s:36:6:36:60":17,"b:39:4:41:5:undefined:undefined:undefined:undefined":7,"s:39:4:41:5":18,"b:39:8:39:22:39:26:39:52":8,"s:40:6:40:49":19,"s:43:15:43:16":20,"s:45:4:76:5":21,"s:46:38:49:44":22,"s:51:26:68:7":23,"b:52:9:52:22:52:26:52:28":9,"f:52:34:52:35":2,"s:53:10:66:11":24,"b:64:26:64:49:64:53:64:69":10,"s:70:6:70:83":25,"f:70:33:70:34":3,"s:70:45:70:74":26,"s:72:6:75:35":27,"s:78:4:78:56":28,"s:80:4:80:16":29,"s:84:36:153:1":30,"f:84:36:84:41":4,"s:85:2:152:3":31,"s:86:21:86:40":32,"s:87:16:87:26":33,"s:88:24:88:68":34,"s:89:22:89:66":35,"s:91:38:104:35":36,"b:106:4:108:5:undefined:undefined:undefined:undefined":11,"s:106:4:108:5":37,"s:107:6:107:60":38,"s:111:6:132:14":39,"b:111:6:132:8:132:12:132:14":12,"f:111:24:111:25":5,"s:112:31:112:40":40,"b:114:8:116:9:undefined:undefined:undefined:undefined":13,"s:114:8:116:9":41,"s:115:10:115:48":42,"s:118:8:122:9":43,"b:118:34:118:62:118:66:118:68":14,"b:119:10:121:11:undefined:undefined:undefined:undefined":15,"s:119:10:121:11":44,"s:120:12:120:52":45,"s:124:8:131:12":46,"f:124:39:124:40":6,"s:124:52:131:9":47,"b:134:4:136:5:undefined:undefined:undefined:undefined":16,"s:134:4:136:5":48,"s:135:6:135:39":49,"s:138:35:143:8":50,"b:145:4:147:5:undefined:undefined:undefined:undefined":17,"s:145:4:147:5":51,"s:146:6:146:66":52,"s:149:4:149:49":53,"s:151:4:151:16":54,"s:155:46:232:1":55,"f:155:46:155:51":7,"s:156:2:231:3":56,"s:157:21:157:40":57,"s:158:16:158:26":58,"s:159:21:159:80":59,"s:162:40:177:32":60,"b:179:4:181:5:undefined:undefined:undefined:undefined":18,"s:179:4:181:5":61,"s:180:6:180:60":62,"s:183:26:183:28":63,"s:184:4:211:5":64,"b:184:20:184:30:184:34:184:36":19,"s:185:19:185:37":65,"b:186:6:186:26:undefined:undefined:undefined:undefined":20,"s:186:6:186:26":66,"s:186:17:186:26":67,"s:188:24:188:50":68,"s:189:20:189:74":69,"b:189:32:189:51:189:54:189:74":21,"s:190:19:190:147":70,"b:190:88:190:97:190:100:190:110":22,"s:193:6:200:9":71,"s:203:6:210:9":72,"b:213:4:215:5:undefined:undefined:undefined:undefined":23,"s:213:4:215:5":73,"s:214:6:214:39":74,"s:217:35:222:8":75,"b:224:4:226:5:undefined:undefined:undefined:undefined":24,"s:224:4:226:5":76,"s:225:6:225:66":77,"s:228:4:228:49":78,"s:230:4:230:16":79}}}
,"C:\\Users\\user\\.gemini\\antigravity\\scratch\\peer-learning\\backend\\controllers\\matchController.js": {"path":"C:\\Users\\user\\.gemini\\antigravity\\scratch\\peer-learning\\backend\\controllers\\matchController.js","statementMap":{"0":{"start":{"line":5,"column":36},"end":{"line":61,"column":1}},"1":{"start":{"line":6,"column":14},"end":{"line":6,"column":15}},"2":{"start":{"line":7,"column":18},"end":{"line":7,"column":20}},"3":{"start":{"line":9,"column":24},"end":{"line":9,"column":48}},"4":{"start":{"line":10,"column":22},"end":{"line":10,"column":44}},"5":{"start":{"line":11,"column":27},"end":{"line":11,"column":54}},"6":{"start":{"line":12,"column":25},"end":{"line":12,"column":50}},"7":{"start":{"line":13,"column":23},"end":{"line":13,"column":55}},"8":{"start":{"line":14,"column":21},"end":{"line":14,"column":51}},"9":{"start":{"line":15,"column":23},"end":{"line":15,"column":55}},"10":{"start":{"line":16,"column":21},"end":{"line":16,"column":51}},"11":{"start":{"line":18,"column":23},"end":{"line":18,"column":83}},"12":{"start":{"line":18,"column":55},"end":{"line":18,"column":82}},"13":{"start":{"line":19,"column":2},"end":{"line":22,"column":3}},"14":{"start":{"line":20,"column":4},"end":{"line":20,"column":38}},"15":{"start":{"line":21,"column":4},"end":{"line":21,"column":82}},"16":{"start":{"line":24,"column":28},"end":{"line":24,"column":30}},"17":{"start":{"line":25,"column":2},"end":{"line":32,"column":5}},"18":{"start":{"line":26,"column":25},"end":{"line":26,"column":55}},"19":{"start":{"line":27,"column":4},"end":{"line":31,"column":7}},"20":{"start":{"line":28,"column":6},"end":{"line":30,"column":7}},"21":{"start":{"line":29,"column":8},"end":{"line":29,"column":47}},"22":{"start":{"line":33,"column":2},"end":{"line":33,"column":58}},"23":{"start":{"line":34,"column":2},"end":{"line":37,"column":3}},"24":{"start":{"line":35,"column":4},"end":{"line":35,"column":44}},"25":{"start":{"line":36,"column":4},"end":{"line":36,"column":96}},"26":{"start":{"line":39,"column":26},"end":{"line":39,"column":98}},"27":{"start":{"line":39,"column":64},"end":{"line":39,"column":97}},"28":{"start":{"line":40,"column":2},"end":{"line":43,"column":3}},"29":{"start":{"line":41,"column":4},"end":{"line":41,"column":40}},"30":{"start":{"line":42,"column":4},"end":{"line":42,"column":83}},"31":{"start":{"line":45,"column":36},"end":{"line":45,"column":98}},"32":{"start":{"line":45,"column":69},"end":{"line":45,"column":97}},"33":{"start":{"line":46,"column":2},"end":{"line":49,"column":3}},"34":{"start":{"line":47,"column":4},"end":{"line":47,"column":50}},"35":{"start":{"line":48,"column":4},"end":{"line":48,"column":92}},"36":{"start":{"line":51,"column":36},"end":{"line":51,"column":98}},"37":{"start":{"line":51,"column":69},"end":{"line":51,"column":97}},"38":{"start":{"line":52,"column":2},"end":{"line":55,"column":3}},"39":{"start":{"line":53,"column":4},"end":{"line":53,"column":50}},"40":{"start":{"line":54,"column":4},"end":{"line":54,"column":92}},"41":{"start":{"line":57,"column":2},"end":{"line":60,"column":4}},"42":{"start":{"line":63,"column":18},"end":{"line":63,"column":20}},"43":{"start":{"line":65,"column":38},"end":{"line":147,"column":1}},"44":{"start":{"line":66,"column":2},"end":{"line":146,"column":3}},"45":{"start":{"line":67,"column":25},"end":{"line":67,"column":44}},"46":{"start":{"line":68,"column":4},"end":{"line":70,"column":5}},"47":{"start":{"line":69,"column":6},"end":{"line":69,"column":97}},"48":{"start":{"line":72,"column":29},"end":{"line":72,"column":43}},"49":{"start":{"line":75,"column":59},"end":{"line":79,"column":15}},"50":{"start":{"line":81,"column":4},"end":{"line":83,"column":5}},"51":{"start":{"line":82,"column":6},"end":{"line":82,"column":89}},"52":{"start":{"line":86,"column":17},"end":{"line":86,"column":63}},"53":{"start":{"line":87,"column":18},"end":{"line":87,"column":94}},"54":{"start":{"line":88,"column":17},"end":{"line":88,"column":35}},"55":{"start":{"line":91,"column":26},"end":{"line":91,"column":50}},"56":{"start":{"line":92,"column":27},"end":{"line":92,"column":29}},"57":{"start":{"line":93,"column":4},"end":{"line":96,"column":7}},"58":{"start":{"line":94,"column":21},"end":{"line":94,"column":51}},"59":{"start":{"line":95,"column":6},"end":{"line":95,"column":40}},"60":{"start":{"line":97,"column":4},"end":{"line":97,"column":54}},"61":{"start":{"line":100,"column":54},"end":{"line":109,"column":6}},"62":{"start":{"line":111,"column":4},"end":{"line":114,"column":5}},"63":{"start":{"line":112,"column":7},"end":{"line":112,"column":68}},"64":{"start":{"line":113,"column":7},"end":{"line":113,"column":82}},"65":{"start":{"line":117,"column":28},"end":{"line":131,"column":6}},"66":{"start":{"line":120,"column":21},"end":{"line":120,"column":67}},"67":{"start":{"line":121,"column":6},"end":{"line":130,"column":8}},"68":{"start":{"line":135,"column":4},"end":{"line":142,"column":7}},"69":{"start":{"line":144,"column":4},"end":{"line":144,"column":50}},"70":{"start":{"line":145,"column":4},"end":{"line":145,"column":70}},"71":{"start":{"line":149,"column":35},"end":{"line":271,"column":1}},"72":{"start":{"line":150,"column":2},"end":{"line":270,"column":3}},"73":{"start":{"line":151,"column":19},"end":{"line":151,"column":30}},"74":{"start":{"line":152,"column":19},"end":{"line":152,"column":41}},"75":{"start":{"line":153,"column":19},"end":{"line":153,"column":44}},"76":{"start":{"line":154,"column":17},"end":{"line":154,"column":63}},"77":{"start":{"line":155,"column":18},"end":{"line":155,"column":69}},"78":{"start":{"line":156,"column":17},"end":{"line":156,"column":35}},"79":{"start":{"line":158,"column":25},"end":{"line":158,"column":44}},"80":{"start":{"line":160,"column":50},"end":{"line":164,"column":15}},"81":{"start":{"line":166,"column":4},"end":{"line":168,"column":5}},"82":{"start":{"line":167,"column":6},"end":{"line":167,"column":89}},"83":{"start":{"line":170,"column":16},"end":{"line":174,"column":36}},"84":{"start":{"line":176,"column":4},"end":{"line":182,"column":5}},"85":{"start":{"line":177,"column":25},"end":{"line":177,"column":63}},"86":{"start":{"line":178,"column":6},"end":{"line":181,"column":7}},"87":{"start":{"line":179,"column":24},"end":{"line":179,"column":62}},"88":{"start":{"line":180,"column":8},"end":{"line":180,"column":78}},"89":{"start":{"line":184,"column":4},"end":{"line":186,"column":5}},"90":{"start":{"line":185,"column":6},"end":{"line":185,"column":51}},"91":{"start":{"line":188,"column":47},"end":{"line":188,"column":58}},"92":{"start":{"line":190,"column":4},"end":{"line":192,"column":5}},"93":{"start":{"line":191,"column":6},"end":{"line":191,"column":88}},"94":{"start":{"line":194,"column":23},"end":{"line":198,"column":5}},"95":{"start":{"line":195,"column":6},"end":{"line":195,"column":76}},"96":{"start":{"line":195,"column":30},"end":{"line":195,"column":76}},"97":{"start":{"line":195,"column":52},"end":{"line":195,"column":74}},"98":{"start":{"line":196,"column":6},"end":{"line":196,"column":108}},"99":{"start":{"line":196,"column":35},"end":{"line":196,"column":108}},"100":{"start":{"line":196,"column":68},"end":{"line":196,"column":90}},"101":{"start":{"line":197,"column":6},"end":{"line":197,"column":16}},"102":{"start":{"line":200,"column":21},"end":{"line":200,"column":51}},"103":{"start":{"line":201,"column":20},"end":{"line":201,"column":58}},"104":{"start":{"line":203,"column":18},"end":{"line":255,"column":6}},"105":{"start":{"line":204,"column":25},"end":{"line":204,"column":45}},"106":{"start":{"line":205,"column":24},"end":{"line":205,"column":52}},"107":{"start":{"line":207,"column":18},"end":{"line":207,"column":19}},"108":{"start":{"line":208,"column":29},"end":{"line":208,"column":31}},"109":{"start":{"line":209,"column":31},"end":{"line":209,"column":33}},"110":{"start":{"line":210,"column":31},"end":{"line":210,"column":33}},"111":{"start":{"line":213,"column":8},"end":{"line":215,"column":56}},"112":{"start":{"line":217,"column":29},"end":{"line":217,"column":89}},"113":{"start":{"line":217,"column":58},"end":{"line":217,"column":81}},"114":{"start":{"line":218,"column":6},"end":{"line":220,"column":7}},"115":{"start":{"line":219,"column":8},"end":{"line":219,"column":68}},"116":{"start":{"line":222,"column":32},"end":{"line":222,"column":90}},"117":{"start":{"line":222,"column":59},"end":{"line":222,"column":82}},"118":{"start":{"line":223,"column":6},"end":{"line":225,"column":7}},"119":{"start":{"line":224,"column":8},"end":{"line":224,"column":74}},"120":{"start":{"line":227,"column":32},"end":{"line":227,"column":89}},"121":{"start":{"line":227,"column":59},"end":{"line":227,"column":81}},"122":{"start":{"line":228,"column":6},"end":{"line":230,"column":7}},"123":{"start":{"line":229,"column":8},"end":{"line":229,"column":73}},"124":{"start":{"line":232,"column":23},"end":{"line":232,"column":82}},"125":{"start":{"line":234,"column":6},"end":{"line":236,"column":7}},"126":{"start":{"line":235,"column":8},"end":{"line":235,"column":57}},"127":{"start":{"line":238,"column":27},"end":{"line":238,"column":93}},"128":{"start":{"line":238,"column":49},"end":{"line":238,"column":85}},"129":{"start":{"line":239,"column":27},"end":{"line":239,"column":94}},"130":{"start":{"line":239,"column":50},"end":{"line":239,"column":86}},"131":{"start":{"line":240,"column":30},"end":{"line":240,"column":113}},"132":{"start":{"line":240,"column":74},"end":{"line":240,"column":105}},"133":{"start":{"line":241,"column":33},"end":{"line":241,"column":139}},"134":{"start":{"line":242,"column":28},"end":{"line":242,"column":150}},"135":{"start":{"line":243,"column":28},"end":{"line":243,"column":110}},"136":{"start":{"line":245,"column":23},"end":{"line":245,"column":160}},"137":{"start":{"line":246,"column":24},"end":{"line":246,"column":89}},"138":{"start":{"line":247,"column":25},"end":{"line":247,"column":114}},"139":{"start":{"line":249,"column":25},"end":{"line":249,"column":57}},"140":{"start":{"line":251,"column":6},"end":{"line":254,"column":8}},"141":{"start":{"line":257,"column":4},"end":{"line":259,"column":5}},"142":{"start":{"line":258,"column":6},"end":{"line":258,"column":51}},"143":{"start":{"line":258,"column":38},"end":{"line":258,"column":49}},"144":{"start":{"line":261,"column":4},"end":{"line":261,"column":46}},"145":{"start":{"line":261,"column":27},"end":{"line":261,"column":44}},"146":{"start":{"line":263,"column":4},"end":{"line":266,"column":7}},"147":{"start":{"line":268,"column":4},"end":{"line":268,"column":53}},"148":{"start":{"line":269,"column":4},"end":{"line":269,"column":70}}},"fnMap":{"0":{"name":"(anonymous_0)","decl":{"start":{"line":5,"column":36},"end":{"line":5,"column":37}},"loc":{"start":{"line":5,"column":64},"end":{"line":61,"column":1}},"line":5},"1":{"name":"(anonymous_1)","decl":{"start":{"line":18,"column":44},"end":{"line":18,"column":45}},"loc":{"start":{"line":18,"column":55},"end":{"line":18,"column":82}},"line":18},"2":{"name":"(anonymous_2)","decl":{"start":{"line":25,"column":24},"end":{"line":25,"column":25}},"loc":{"start":{"line":25,"column":35},"end":{"line":32,"column":3}},"line":25},"3":{"name":"(anonymous_3)","decl":{"start":{"line":27,"column":26},"end":{"line":27,"column":27}},"loc":{"start":{"line":27,"column":44},"end":{"line":31,"column":5}},"line":27},"4":{"name":"(anonymous_4)","decl":{"start":{"line":39,"column":50},"end":{"line":39,"column":51}},"loc":{"start":{"line":39,"column":64},"end":{"line":39,"column":97}},"line":39},"5":{"name":"(anonymous_5)","decl":{"start":{"line":45,"column":56},"end":{"line":45,"column":57}},"loc":{"start":{"line":45,"column":69},"end":{"line":45,"column":97}},"line":45},"6":{"name":"(anonymous_6)","decl":{"start":{"line":51,"column":56},"end":{"line":51,"column":57}},"loc":{"start":{"line":51,"column":69},"end":{"line":51,"column":97}},"line":51},"7":{"name":"(anonymous_7)","decl":{"start":{"line":65,"column":38},"end":{"line":65,"column":43}},"loc":{"start":{"line":65,"column":58},"end":{"line":147,"column":1}},"line":65},"8":{"name":"(anonymous_8)","decl":{"start":{"line":93,"column":26},"end":{"line":93,"column":27}},"loc":{"start":{"line":93,"column":37},"end":{"line":96,"column":5}},"line":93},"9":{"name":"(anonymous_9)","decl":{"start":{"line":117,"column":53},"end":{"line":117,"column":54}},"loc":{"start":{"line":117,"column":63},"end":{"line":131,"column":5}},"line":117},"10":{"name":"(anonymous_10)","decl":{"start":{"line":149,"column":35},"end":{"line":149,"column":40}},"loc":{"start":{"line":149,"column":55},"end":{"line":271,"column":1}},"line":149},"11":{"name":"(anonymous_11)","decl":{"start":{"line":194,"column":23},"end":{"line":194,"column":24}},"loc":{"start":{"line":194,"column":32},"end":{"line":198,"column":5}},"line":194},"12":{"name":"(anonymous_12)","decl":{"start":{"line":195,"column":45},"end":{"line":195,"column":46}},"loc":{"start":{"line":195,"column":52},"end":{"line":195,"column":74}},"line":195},"13":{"name":"(anonymous_13)","decl":{"start":{"line":196,"column":61},"end":{"line":196,"column":62}},"loc":{"start":{"line":196,"column":68},"end":{"line":196,"column":90}},"line":196},"14":{"name":"(anonymous_14)","decl":{"start":{"line":203,"column":28},"end":{"line":203,"column":29}},"loc":{"start":{"line":203,"column":35},"end":{"line":255,"column":5}},"line":203},"15":{"name":"(anonymous_15)","decl":{"start":{"line":217,"column":47},"end":{"line":217,"column":48}},"loc":{"start":{"line":217,"column":58},"end":{"line":217,"column":81}},"line":217},"16":{"name":"(anonymous_16)","decl":{"start":{"line":222,"column":49},"end":{"line":222,"column":50}},"loc":{"start":{"line":222,"column":59},"end":{"line":222,"column":82}},"line":222},"17":{"name":"(anonymous_17)","decl":{"start":{"line":227,"column":49},"end":{"line":227,"column":50}},"loc":{"start":{"line":227,"column":59},"end":{"line":227,"column":81}},"line":227},"18":{"name":"(anonymous_18)","decl":{"start":{"line":238,"column":42},"end":{"line":238,"column":43}},"loc":{"start":{"line":238,"column":49},"end":{"line":238,"column":85}},"line":238},"19":{"name":"(anonymous_19)","decl":{"start":{"line":239,"column":43},"end":{"line":239,"column":44}},"loc":{"start":{"line":239,"column":50},"end":{"line":239,"column":86}},"line":239},"20":{"name":"(anonymous_20)","decl":{"start":{"line":240,"column":67},"end":{"line":240,"column":68}},"loc":{"start":{"line":240,"column":74},"end":{"line":240,"column":105}},"line":240},"21":{"name":"(anonymous_21)","decl":{"start":{"line":258,"column":31},"end":{"line":258,"column":32}},"loc":{"start":{"line":258,"column":38},"end":{"line":258,"column":49}},"line":258},"22":{"name":"(anonymous_22)","decl":{"start":{"line":261,"column":17},"end":{"line":261,"column":18}},"loc":{"start":{"line":261,"column":27},"end":{"line":261,"column":44}},"line":261}},"branchMap":{"0":{"loc":{"start":{"line":9,"column":24},"end":{"line":9,"column":48}},"type":"binary-expr","locations":[{"start":{"line":9,"column":24},"end":{"line":9,"column":42}},{"start":{"line":9,"column":46},"end":{"line":9,"column":48}}],"line":9},"1":{"loc":{"start":{"line":10,"column":22},"end":{"line":10,"column":44}},"type":"binary-expr","locations":[{"start":{"line":10,"column":22},"end":{"line":10,"column":38}},{"start":{"line":10,"column":42},"end":{"line":10,"column":44}}],"line":10},"2":{"loc":{"start":{"line":11,"column":27},"end":{"line":11,"column":54}},"type":"binary-expr","locations":[{"start":{"line":11,"column":27},"end":{"line":11,"column":48}},{"start":{"line":11,"column":52},"end":{"line":11,"column":54}}],"line":11},"3":{"loc":{"start":{"line":12,"column":25},"end":{"line":12,"column":50}},"type":"binary-expr","locations":[{"start":{"line":12,"column":25},"end":{"line":12,"column":44}},{"start":{"line":12,"column":48},"end":{"line":12,"column":50}}],"line":12},"4":{"loc":{"start":{"line":13,"column":23},"end":{"line":13,"column":55}},"type":"binary-expr","locations":[{"start":{"line":13,"column":23},"end":{"line":13,"column":49}},{"start":{"line":13,"column":53},"end":{"line":13,"column":55}}],"line":13},"5":{"loc":{"start":{"line":14,"column":21},"end":{"line":14,"column":51}},"type":"binary-expr","locations":[{"start":{"line":14,"column":21},"end":{"line":14,"column":45}},{"start":{"line":14,"column":49},"end":{"line":14,"column":51}}],"line":14},"6":{"loc":{"start":{"line":15,"column":23},"end":{"line":15,"column":55}},"type":"binary-expr","locations":[{"start":{"line":15,"column":23},"end":{"line":15,"column":49}},{"start":{"line":15,"column":53},"end":{"line":15,"column":55}}],"line":15},"7":{"loc":{"start":{"line":16,"column":21},"end":{"line":16,"column":51}},"type":"binary-expr","locations":[{"start":{"line":16,"column":21},"end":{"line":16,"column":45}},{"start":{"line":16,"column":49},"end":{"line":16,"column":51}}],"line":16},"8":{"loc":{"start":{"line":19,"column":2},"end":{"line":22,"column":3}},"type":"if","locations":[{"start":{"line":19,"column":2},"end":{"line":22,"column":3}},{"start":{},"end":{}}],"line":19},"9":{"loc":{"start":{"line":26,"column":25},"end":{"line":26,"column":55}},"type":"binary-expr","locations":[{"start":{"line":26,"column":25},"end":{"line":26,"column":49}},{"start":{"line":26,"column":53},"end":{"line":26,"column":55}}],"line":26},"10":{"loc":{"start":{"line":28,"column":6},"end":{"line":30,"column":7}},"type":"if","locations":[{"start":{"line":28,"column":6},"end":{"line":30,"column":7}},{"start":{},"end":{}}],"line":28},"11":{"loc":{"start":{"line":28,"column":10},"end":{"line":28,"column":84}},"type":"binary-expr","locations":[{"start":{"line":28,"column":10},"end":{"line":28,"column":44}},{"start":{"line":28,"column":48},"end":{"line":28,"column":84}}],"line":28},"12":{"loc":{"start":{"line":34,"column":2},"end":{"line":37,"column":3}},"type":"if","locations":[{"start":{"line":34,"column":2},"end":{"line":37,"column":3}},{"start":{},"end":{}}],"line":34},"13":{"loc":{"start":{"line":40,"column":2},"end":{"line":43,"column":3}},"type":"if","locations":[{"start":{"line":40,"column":2},"end":{"line":43,"column":3}},{"start":{},"end":{}}],"line":40},"14":{"loc":{"start":{"line":46,"column":2},"end":{"line":49,"column":3}},"type":"if","locations":[{"start":{"line":46,"column":2},"end":{"line":49,"column":3}},{"start":{},"end":{}}],"line":46},"15":{"loc":{"start":{"line":52,"column":2},"end":{"line":55,"column":3}},"type":"if","locations":[{"start":{"line":52,"column":2},"end":{"line":55,"column":3}},{"start":{},"end":{}}],"line":52},"16":{"loc":{"start":{"line":68,"column":4},"end":{"line":70,"column":5}},"type":"if","locations":[{"start":{"line":68,"column":4},"end":{"line":70,"column":5}},{"start":{},"end":{}}],"line":68},"17":{"loc":{"start":{"line":81,"column":4},"end":{"line":83,"column":5}},"type":"if","locations":[{"start":{"line":81,"column":4},"end":{"line":83,"column":5}},{"start":{},"end":{}}],"line":81},"18":{"loc":{"start":{"line":81,"column":8},"end":{"line":81,"column":40}},"type":"binary-expr","locations":[{"start":{"line":81,"column":8},"end":{"line":81,"column":24}},{"start":{"line":81,"column":28},"end":{"line":81,"column":40}}],"line":81},"19":{"loc":{"start":{"line":86,"column":29},"end":{"line":86,"column":62}},"type":"binary-expr","locations":[{"start":{"line":86,"column":29},"end":{"line":86,"column":57}},{"start":{"line":86,"column":61},"end":{"line":86,"column":62}}],"line":86},"20":{"loc":{"start":{"line":87,"column":50},"end":{"line":87,"column":92}},"type":"binary-expr","locations":[{"start":{"line":87,"column":50},"end":{"line":87,"column":79}},{"start":{"line":87,"column":83},"end":{"line":87,"column":92}}],"line":87},"21":{"loc":{"start":{"line":91,"column":26},"end":{"line":91,"column":50}},"type":"binary-expr","locations":[{"start":{"line":91,"column":26},"end":{"line":91,"column":44}},{"start":{"line":91,"column":48},"end":{"line":91,"column":50}}],"line":91},"22":{"loc":{"start":{"line":94,"column":21},"end":{"line":94,"column":51}},"type":"binary-expr","locations":[{"start":{"line":94,"column":21},"end":{"line":94,"column":45}},{"start":{"line":94,"column":49},"end":{"line":94,"column":51}}],"line":94},"23":{"loc":{"start":{"line":104,"column":24},"end":{"line":104,"column":51}},"type":"binary-expr","locations":[{"start":{"line":104,"column":24},"end":{"line":104,"column":45}},{"start":{"line":104,"column":49},"end":{"line":104,"column":51}}],"line":104},"24":{"loc":{"start":{"line":105,"column":20},"end":{"line":105,"column":52}},"type":"binary-expr","locations":[{"start":{"line":105,"column":20},"end":{"line":105,"column":46}},{"start":{"line":105,"column":50},"end":{"line":105,"column":52}}],"line":105},"25":{"loc":{"start":{"line":106,"column":20},"end":{"line":106,"column":52}},"type":"binary-expr","locations":[{"start":{"line":106,"column":20},"end":{"line":106,"column":46}},{"start":{"line":106,"column":50},"end":{"line":106,"column":52}}],"line":106},"26":{"loc":{"start":{"line":111,"column":4},"end":{"line":114,"column":5}},"type":"if","locations":[{"start":{"line":111,"column":4},"end":{"line":114,"column":5}},{"start":{},"end":{}}],"line":111},"27":{"loc":{"start":{"line":117,"column":29},"end":{"line":117,"column":47}},"type":"binary-expr","locations":[{"start":{"line":117,"column":29},"end":{"line":117,"column":41}},{"start":{"line":117,"column":45},"end":{"line":117,"column":47}}],"line":117},"28":{"loc":{"start":{"line":124,"column":16},"end":{"line":124,"column":33}},"type":"binary-expr","locations":[{"start":{"line":124,"column":16},"end":{"line":124,"column":27}},{"start":{"line":124,"column":31},"end":{"line":124,"column":33}}],"line":124},"29":{"loc":{"start":{"line":125,"column":19},"end":{"line":125,"column":39}},"type":"binary-expr","locations":[{"start":{"line":125,"column":19},"end":{"line":125,"column":33}},{"start":{"line":125,"column":37},"end":{"line":125,"column":39}}],"line":125},"30":{"loc":{"start":{"line":126,"column":24},"end":{"line":126,"column":49}},"type":"binary-expr","locations":[{"start":{"line":126,"column":24},"end":{"line":126,"column":43}},{"start":{"line":126,"column":47},"end":{"line":126,"column":49}}],"line":126},"31":{"loc":{"start":{"line":127,"column":24},"end":{"line":127,"column":49}},"type":"binary-expr","locations":[{"start":{"line":127,"column":24},"end":{"line":127,"column":43}},{"start":{"line":127,"column":47},"end":{"line":127,"column":49}}],"line":127},"32":{"loc
[...]
,"C:\\Users\\user\\.gemini\\antigravity\\scratch\\peer-learning\\backend\\utils\\httpError.js": {"path":"C:\\Users\\user\\.gemini\\antigravity\\scratch\\peer-learning\\backend\\utils\\httpError.js","statementMap":{"0":{"start":{"line":3,"column":4},"end":{"line":3,"column":19}},"1":{"start":{"line":4,"column":4},"end":{"line":4,"column":28}},"2":{"start":{"line":5,"column":4},"end":{"line":5,"column":33}},"3":{"start":{"line":6,"column":4},"end":{"line":6,"column":27}}},"fnMap":{"0":{"name":"constructor","decl":{"start":{"line":2,"column":2},"end":{"line":2,"column":13}},"loc":{"start":{"line":2,"column":51},"end":{"line":7,"column":3}},"line":2}},"branchMap":{"0":{"loc":{"start":{"line":2,"column":35},"end":{"line":2,"column":49}},"type":"default-arg","locations":[{"start":{"line":2,"column":45},"end":{"line":2,"column":49}}],"line":2}},"s":{"0":3,"1":3,"2":3,"3":3},"f":{"0":3},"b":{"0":[3]},"meta":{"lastBranch":1,"lastFunction":1,"lastStatement":4,"seen":{"f:2:2:2:13":0,"b:2:45:2:49":0,"s:3:4:3:19":0,"s:4:4:4:28":1,"s:5:4:5:33":2,"s:6:4:6:27":3}}}
,"C:\\Users\\user\\.gemini\\antigravity\\scratch\\peer-learning\\backend\\utils\\skillGraph.js": {"path":"C:\\Users\\user\\.gemini\\antigravity\\scratch\\peer-learning\\backend\\utils\\skillGraph.js","statementMap":{"0":{"start":{"line":1,"column":27},"end":{"line":22,"column":1}},"1":{"start":{"line":24,"column":32},"end":{"line":26,"column":1}},"2":{"start":{"line":25,"column":2},"end":{"line":25,"column":34}}},"fnMap":{"0":{"name":"(anonymous_0)","decl":{"start":{"line":24,"column":32},"end":{"line":24,"column":33}},"loc":{"start":{"line":24,"column":43},"end":{"line":26,"column":1}},"line":24}},"branchMap":{"0":{"loc":{"start":{"line":25,"column":9},"end":{"line":25,"column":33}},"type":"binary-expr","locations":[{"start":{"line":25,"column":9},"end":{"line":25,"column":27}},{"start":{"line":25,"column":31},"end":{"line":25,"column":33}}],"line":25}},"s":{"0":1,"1":1,"2":0},"f":{"0":0},"b":{"0":[0,0]},"meta":{"lastBranch":1,"lastFunction":1,"lastStatement":3,"seen":{"s:1:27:22:1":0,"s:24:32:26:1":1,"f:24:32:24:33":0,"s:25:2:25:34":2,"b:25:9:25:27:25:31:25:33":0}}}
,"C:\\Users\\user\\.gemini\\antigravity\\scratch\\peer-learning\\backend\\utils\\supabase.js": {"path":"C:\\Users\\user\\.gemini\\antigravity\\scratch\\peer-learning\\backend\\utils\\supabase.js","statementMap":{"0":{"start":{"line":3,"column":26},"end":{"line":3,"column":30}},"1":{"start":{"line":5,"column":32},"end":{"line":23,"column":1}},"2":{"start":{"line":6,"column":2},"end":{"line":6,"column":54}},"3":{"start":{"line":6,"column":27},"end":{"line":6,"column":54}},"4":{"start":{"line":8,"column":22},"end":{"line":8,"column":46}},"5":{"start":{"line":9,"column":22},"end":{"line":9,"column":92}},"6":{"start":{"line":11,"column":2},"end":{"line":13,"column":3}},"7":{"start":{"line":12,"column":4},"end":{"line":12,"column":108}},"8":{"start":{"line":15,"column":2},"end":{"line":20,"column":5}},"9":{"start":{"line":22,"column":2},"end":{"line":22,"column":29}}},"fnMap":{"0":{"name":"(anonymous_0)","decl":{"start":{"line":5,"column":32},"end":{"line":5,"column":33}},"loc":{"start":{"line":5,"column":38},"end":{"line":23,"column":1}},"line":5}},"branchMap":{"0":{"loc":{"start":{"line":6,"column":2},"end":{"line":6,"column":54}},"type":"if","locations":[{"start":{"line":6,"column":2},"end":{"line":6,"column":54}},{"start":{},"end":{}}],"line":6},"1":{"loc":{"start":{"line":9,"column":22},"end":{"line":9,"column":92}},"type":"binary-expr","locations":[{"start":{"line":9,"column":22},"end":{"line":9,"column":59}},{"start":{"line":9,"column":63},"end":{"line":9,"column":92}}],"line":9},"2":{"loc":{"start":{"line":11,"column":2},"end":{"line":13,"column":3}},"type":"if","locations":[{"start":{"line":11,"column":2},"end":{"line":13,"column":3}},{"start":{},"end":{}}],"line":11},"3":{"loc":{"start":{"line":11,"column":6},"end":{"line":11,"column":34}},"type":"binary-expr","locations":[{"start":{"line":11,"column":6},"end":{"line":11,"column":18}},{"start":{"line":11,"column":22},"end":{"line":11,"column":34}}],"line":11}},"s":{"0":1,"1":1,"2":0,"3":0,"4":0,"5":0,"6":0,"7":0,"8":0,"9":0},"f":{"0":0},"b":{"0":[0,0],"1":[0,0],"2":[0,0],"3":[0,0]},"meta":{"lastBranch":4,"lastFunction":1,"lastStatement":10,"seen":{"s:3:26:3:30":0,"s:5:32:23:1":1,"f:5:32:5:33":0,"b:6:2:6:54:undefined:undefined:undefined:undefined":0,"s:6:2:6:54":2,"s:6:27:6:54":3,"s:8:22:8:46":4,"s:9:22:9:92":5,"b:9:22:9:59:9:63:9:92":1,"b:11:2:13:3:undefined:undefined:undefined:undefined":2,"s:11:2:13:3":6,"b:11:6:11:18:11:22:11:34":3,"s:12:4:12:108":7,"s:15:2:20:5":8,"s:22:2:22:29":9}}}
,"C:\\Users\\user\\.gemini\\antigravity\\scratch\\peer-learning\\backend\\validation\\schemas.js": {"path":"C:\\Users\\user\\.gemini\\antigravity\\scratch\\peer-learning\\backend\\validation\\schemas.js","statementMap":{"0":{"start":{"line":3,"column":26},"end":{"line":3,"column":72}},"1":{"start":{"line":5,"column":26},"end":{"line":8,"column":2}},"2":{"start":{"line":10,"column":31},"end":{"line":13,"column":2}},"3":{"start":{"line":15,"column":27},"end":{"line":41,"column":1}},"4":{"start":{"line":30,"column":24},"end":{"line":30,"column":57}},"5":{"start":{"line":43,"column":27},"end":{"line":64,"column":1}},"6":{"start":{"line":53,"column":28},"end":{"line":53,"column":99}},"7":{"start":{"line":53,"column":67},"end":{"line":53,"column":95}},"8":{"start":{"line":55,"column":8},"end":{"line":61,"column":9}},"9":{"start":{"line":56,"column":10},"end":{"line":60,"column":13}},"10":{"start":{"line":66,"column":25},"end":{"line":99,"column":1}},"11":{"start":{"line":85,"column":28},"end":{"line":88,"column":9}},"12":{"start":{"line":86,"column":28},"end":{"line":86,"column":90}},"13":{"start":{"line":90,"column":8},"end":{"line":96,"column":9}},"14":{"start":{"line":91,"column":10},"end":{"line":95,"column":13}},"15":{"start":{"line":101,"column":28},"end":{"line":135,"column":1}},"16":{"start":{"line":109,"column":12},"end":{"line":110,"column":86}},"17":{"start":{"line":118,"column":25},"end":{"line":118,"column":110}},"18":{"start":{"line":130,"column":25},"end":{"line":130,"column":111}}},"fnMap":{"0":{"name":"(anonymous_0)","decl":{"start":{"line":30,"column":14},"end":{"line":30,"column":15}},"loc":{"start":{"line":30,"column":24},"end":{"line":30,"column":57}},"line":30},"1":{"name":"(anonymous_1)","decl":{"start":{"line":52,"column":19},"end":{"line":52,"column":20}},"loc":{"start":{"line":52,"column":34},"end":{"line":62,"column":7}},"line":52},"2":{"name":"(anonymous_2)","decl":{"start":{"line":53,"column":49},"end":{"line":53,"column":50}},"loc":{"start":{"line":53,"column":67},"end":{"line":53,"column":95}},"line":53},"3":{"name":"(anonymous_3)","decl":{"start":{"line":84,"column":19},"end":{"line":84,"column":20}},"loc":{"start":{"line":84,"column":34},"end":{"line":97,"column":7}},"line":84},"4":{"name":"(anonymous_4)","decl":{"start":{"line":86,"column":10},"end":{"line":86,"column":11}},"loc":{"start":{"line":86,"column":28},"end":{"line":86,"column":90}},"line":86},"5":{"name":"(anonymous_5)","decl":{"start":{"line":108,"column":10},"end":{"line":108,"column":11}},"loc":{"start":{"line":109,"column":12},"end":{"line":110,"column":86}},"line":109},"6":{"name":"(anonymous_6)","decl":{"start":{"line":118,"column":16},"end":{"line":118,"column":17}},"loc":{"start":{"line":118,"column":25},"end":{"line":118,"column":110}},"line":118},"7":{"name":"(anonymous_7)","decl":{"start":{"line":130,"column":16},"end":{"line":130,"column":17}},"loc":{"start":{"line":130,"column":25},"end":{"line":130,"column":111}},"line":130}},"branchMap":{"0":{"loc":{"start":{"line":30,"column":24},"end":{"line":30,"column":57}},"type":"binary-expr","locations":[{"start":{"line":30,"column":24},"end":{"line":30,"column":37}},{"start":{"line":30,"column":41},"end":{"line":30,"column":57}}],"line":30},"1":{"loc":{"start":{"line":55,"column":8},"end":{"line":61,"column":9}},"type":"if","locations":[{"start":{"line":55,"column":8},"end":{"line":61,"column":9}},{"start":{},"end":{}}],"line":55},"2":{"loc":{"start":{"line":86,"column":60},"end":{"line":86,"column":89}},"type":"binary-expr","locations":[{"start":{"line":86,"column":60},"end":{"line":86,"column":84}},{"start":{"line":86,"column":88},"end":{"line":86,"column":89}}],"line":86},"3":{"loc":{"start":{"line":90,"column":8},"end":{"line":96,"column":9}},"type":"if","locations":[{"start":{"line":90,"column":8},"end":{"line":96,"column":9}},{"start":{},"end":{}}],"line":90},"4":{"loc":{"start":{"line":109,"column":12},"end":{"line":110,"column":86}},"type":"binary-expr","locations":[{"start":{"line":109,"column":12},"end":{"line":109,"column":29}},{"start":{"line":110,"column":13},"end":{"line":110,"column":30}},{"start":{"line":110,"column":34},"end":{"line":110,"column":56}},{"start":{"line":110,"column":60},"end":{"line":110,"column":85}}],"line":109},"5":{"loc":{"start":{"line":118,"column":25},"end":{"line":118,"column":110}},"type":"binary-expr","locations":[{"start":{"line":118,"column":25},"end":{"line":118,"column":42}},{"start":{"line":118,"column":47},"end":{"line":118,"column":64}},{"start":{"line":118,"column":68},"end":{"line":118,"column":86}},{"start":{"line":118,"column":90},"end":{"line":118,"column":109}}],"line":118},"6":{"loc":{"start":{"line":130,"column":25},"end":{"line":130,"column":111}},"type":"binary-expr","locations":[{"start":{"line":130,"column":25},"end":{"line":130,"column":42}},{"start":{"line":130,"column":47},"end":{"line":130,"column":64}},{"start":{"line":130,"column":68},"end":{"line":130,"column":86}},{"start":{"line":130,"column":90},"end":{"line":130,"column":110}}],"line":130}},"s":{"0":2,"1":2,"2":2,"3":2,"4":0,"5":2,"6":0,"7":0,"8":0,"9":0,"10":2,"11":0,"12":0,"13":0,"14":0,"15":2,"16":0,"17":0,"18":0},"f":{"0":0,"1":0,"2":0,"3":0,"4":0,"5":0,"6":0,"7":0},"b":{"0":[0,0],"1":[0,0],"2":[0,0],"3":[0,0],"4":[0,0,0,0],"5":[0,0,0,0],"6":[0,0,0,0]},"meta":{"lastBranch":7,"lastFunction":8,"lastStatement":19,"seen":{"s:3:26:3:72":0,"s:5:26:8:2":1,"s:10:31:13:2":2,"s:15:27:41:1":3,"f:30:14:30:15":0,"s:30:24:30:57":4,"b:30:24:30:37:30:41:30:57":0,"s:43:27:64:1":5,"f:52:19:52:20":1,"s:53:28:53:99":6,"f:53:49:53:50":2,"s:53:67:53:95":7,"b:55:8:61:9:undefined:undefined:undefined:undefined":1,"s:55:8:61:9":8,"s:56:10:60:13":9,"s:66:25:99:1":10,"f:84:19:84:20":3,"s:85:28:88:9":11,"f:86:10:86:11":4,"s:86:28:86:90":12,"b:86:60:86:84:86:88:86:89":2,"b:90:8:96:9:undefined:undefined:undefined:undefined":3,"s:90:8:96:9":13,"s:91:10:95:13":14,"s:101:28:135:1":15,"f:108:10:108:11":5,"s:109:12:110:86":16,"b:109:12:109:29:110:13:110:30:110:34:110:56:110:60:110:85":4,"f:118:16:118:17":6,"s:118:25:118:110":17,"b:118:25:118:42:118:47:118:64:118:68:118:86:118:90:118:109":5,"f:130:16:130:17":7,"s:130:25:130:111":18,"b:130:25:130:42:130:47:130:64:130:68:130:86:130:90:130:110":6}}}
,"C:\\Users\\user\\.gemini\\antigravity\\scratch\\peer-learning\\src\\components\\PeerCard.tsx": {"path":"C:\\Users\\user\\.gemini\\antigravity\\scratch\\peer-learning\\src\\components\\PeerCard.tsx","statementMap":{"0":{"start":{"line":21,"column":17},"end":{"line":188,"column":null}},"1":{"start":{"line":26,"column":2},"end":{"line":186,"column":null}},"2":{"start":{"line":118,"column":16},"end":{"line":123,"column":null}},"3":{"start":{"line":140,"column":16},"end":{"line":146,"column":null}},"4":{"start":{"line":157,"column":12},"end":{"line":162,"column":null}}},"fnMap":{"0":{"name":"(anonymous_0)","decl":{"start":{"line":21,"column":17},"end":{"line":21,"column":18}},"loc":{"start":{"line":25,"column":21},"end":{"line":188,"column":null}},"line":25},"1":{"name":"(anonymous_1)","decl":{"start":{"line":117,"column":51},"end":{"line":117,"column":52}},"loc":{"start":{"line":118,"column":16},"end":{"line":123,"column":null}},"line":118},"2":{"name":"(anonymous_2)","decl":{"start":{"line":139,"column":51},"end":{"line":139,"column":52}},"loc":{"start":{"line":140,"column":16},"end":{"line":146,"column":null}},"line":140},"3":{"name":"(anonymous_3)","decl":{"start":{"line":156,"column":27},"end":{"line":156,"column":28}},"loc":{"start":{"line":157,"column":12},"end":{"line":162,"column":null}},"line":157}},"branchMap":{"0":{"loc":{"start":{"line":24,"column":2},"end":{"line":24,"column":null}},"type":"default-arg","locations":[{"start":{"line":24,"column":10},"end":{"line":24,"column":null}}],"line":24},"1":{"loc":{"start":{"line":68,"column":13},"end":{"line":71,"column":null}},"type":"binary-expr","locations":[{"start":{"line":68,"column":13},"end":{"line":68,"column":null}},{"start":{"line":69,"column":14},"end":{"line":71,"column":null}}],"line":68},"2":{"loc":{"start":{"line":80,"column":21},"end":{"line":80,"column":38}},"type":"binary-expr","locations":[{"start":{"line":80,"column":21},"end":{"line":80,"column":36}},{"start":{"line":80,"column":36},"end":{"line":80,"column":38}}],"line":80},"3":{"loc":{"start":{"line":86,"column":17},"end":{"line":86,"column":45}},"type":"binary-expr","locations":[{"start":{"line":86,"column":17},"end":{"line":86,"column":43}},{"start":{"line":86,"column":43},"end":{"line":86,"column":45}}],"line":86},"4":{"loc":{"start":{"line":92,"column":21},"end":{"line":92,"column":38}},"type":"binary-expr","locations":[{"start":{"line":92,"column":21},"end":{"line":92,"column":36}},{"start":{"line":92,"column":36},"end":{"line":92,"column":38}}],"line":92},"5":{"loc":{"start":{"line":101,"column":9},"end":{"line":101,"column":null}},"type":"binary-expr","locations":[{"start":{"line":101,"column":9},"end":{"line":101,"column":21}},{"start":{"line":101,"column":21},"end":{"line":101,"column":null}}],"line":101},"6":{"loc":{"start":{"line":154,"column":7},"end":{"line":164,"column":null}},"type":"binary-expr","locations":[{"start":{"line":154,"column":7},"end":{"line":154,"column":null}},{"start":{"line":155,"column":8},"end":{"line":164,"column":null}}],"line":154}},"s":{"0":1,"1":13,"2":36,"3":24,"4":24},"f":{"0":13,"1":36,"2":24,"3":24},"b":{"0":[13],"1":[13,11],"2":[13,0],"3":[13,0],"4":[13,0],"5":[13,1],"6":[13,12]},"meta":{"lastBranch":7,"lastFunction":4,"lastStatement":5,"seen":{"s:21:17:188:Infinity":0,"f:21:17:21:18":0,"b:24:10:24:Infinity":0,"s:26:2:186:Infinity":1,"b:68:13:68:Infinity:69:14:71:Infinity":1,"b:80:21:80:36:80:36:80:38":2,"b:86:17:86:43:86:43:86:45":3,"b:92:21:92:36:92:36:92:38":4,"b:101:9:101:21:101:21:101:Infinity":5,"f:117:51:117:52":1,"s:118:16:123:Infinity":2,"f:139:51:139:52":2,"s:140:16:146:Infinity":3,"b:154:7:154:Infinity:155:8:164:Infinity":6,"f:156:27:156:28":3,"s:157:12:162:Infinity":4}}}
,"C:\\Users\\user\\.gemini\\antigravity\\scratch\\peer-learning\\src\\components\\chat\\MessageBubble.tsx": {"path":"C:\\Users\\user\\.gemini\\antigravity\\scratch\\peer-learning\\src\\components\\chat\\MessageBubble.tsx","statementMap":{"0":{"start":{"line":9,"column":22},"end":{"line":30,"column":null}},"1":{"start":{"line":14,"column":17},"end":{"line":14,"column":null}},"2":{"start":{"line":16,"column":2},"end":{"line":28,"column":null}}},"fnMap":{"0":{"name":"(anonymous_0)","decl":{"start":{"line":9,"column":22},"end":{"line":9,"column":23}},"loc":{"start":{"line":13,"column":26},"end":{"line":30,"column":null}},"line":13}},"branchMap":{"0":{"loc":{"start":{"line":17,"column":33},"end":{"line":17,"column":73}},"type":"cond-expr","locations":[{"start":{"line":17,"column":42},"end":{"line":17,"column":58}},{"start":{"line":17,"column":58},"end":{"line":17,"column":73}}],"line":17},"1":{"loc":{"start":{"line":20,"column":10},"end":{"line":22,"column":null}},"type":"cond-expr","locations":[{"start":{"line":21,"column":14},"end":{"line":21,"column":null}},{"start":{"line":22,"column":14},"end":{"line":22,"column":null}}],"line":20}},"s":{"0":1,"1":6,"2":6},"f":{"0":6},"b":{"0":[4,2],"1":[4,2]},"meta":{"lastBranch":2,"lastFunction":1,"lastStatement":3,"seen":{"s:9:22:30:Infinity":0,"f:9:22:9:23":0,"s:14:17:14:Infinity":1,"s:16:2:28:Infinity":2,"b:17:42:17:58:17:58:17:73":0,"b:21:14:21:Infinity:22:14:22:Infinity":1}}}
,"C:\\Users\\user\\.gemini\\antigravity\\scratch\\peer-learning\\src\\components\\chat\\TypingIndicator.tsx": {"path":"C:\\Users\\user\\.gemini\\antigravity\\scratch\\peer-learning\\src\\components\\chat\\TypingIndicator.tsx","statementMap":{"0":{"start":{"line":3,"column":34},"end":{"line":11,"column":null}},"1":{"start":{"line":4,"column":2},"end":{"line":9,"column":null}}},"fnMap":{"0":{"name":"(anonymous_0)","decl":{"start":{"line":3,"column":34},"end":{"line":3,"column":40}},"loc":{"start":{"line":3,"column":40},"end":{"line":11,"column":null}},"line":3}},"branchMap":{},"s":{"0":1,"1":5},"f":{"0":5},"b":{},"meta":{"lastBranch":0,"lastFunction":1,"lastStatement":2,"seen":{"s:3:34:11:Infinity":0,"f:3:34:3:40":0,"s:4:2:9:Infinity":1}}}
,"C:\\Users\\user\\.gemini\\antigravity\\scratch\\peer-learning\\src\\components\\ui\\badge.tsx": {"path":"C:\\Users\\user\\.gemini\\antigravity\\scratch\\peer-learning\\src\\components\\ui\\badge.tsx","statementMap":{"0":{"start":{"line":6,"column":6},"end":{"line":21,"column":null}},"1":{"start":{"line":26,"column":2},"end":{"line":26,"column":null}}},"fnMap":{"0":{"name":"Badge","decl":{"start":{"line":25,"column":9},"end":{"line":25,"column":15}},"loc":{"start":{"line":25,"column":61},"end":{"line":27,"column":null}},"line":25}},"branchMap":{},"s":{"0":1,"1":60},"f":{"0":60},"b":{},"meta":{"lastBranch":0,"lastFunction":1,"lastStatement":2,"seen":{"s:6:6:21:Infinity":0,"f:25:9:25:15":0,"s:26:2:26:Infinity":1}}}
,"C:\\Users\\user\\.gemini\\antigravity\\scratch\\peer-learning\\src\\components\\ui\\button.tsx": {"path":"C:\\Users\\user\\.gemini\\antigravity\\scratch\\peer-learning\\src\\components\\ui\\button.tsx","statementMap":{"0":{"start":{"line":7,"column":6},"end":{"line":31,"column":null}},"1":{"start":{"line":39,"column":15},"end":{"line":44,"column":null}},"2":{"start":{"line":41,"column":17},"end":{"line":41,"column":null}},"3":{"start":{"line":42,"column":4},"end":{"line":42,"column":null}},"4":{"start":{"line":45,"column":0},"end":{"line":45,"column":null}}},"fnMap":{"0":{"name":"(anonymous_0)","decl":{"start":{"line":40,"column":2},"end":{"line":40,"column":3}},"loc":{"start":{"line":40,"column":68},"end":{"line":43,"column":null}},"line":40}},"branchMap":{"0":{"loc":{"start":{"line":40,"column":31},"end":{"line":40,"column":48}},"type":"default-arg","locations":[{"start":{"line":40,"column":41},"end":{"line":40,"column":48}}],"line":40},"1":{"loc":{"start":{"line":41,"column":17},"end":{"line":41,"column":null}},"type":"cond-expr","locations":[{"start":{"line":41,"column":27},"end":{"line":41,"column":34}},{"start":{"line":41,"column":34},"end":{"line":41,"column":null}}],"line":41}},"s":{"0":1,"1":1,"2":24,"3":24,"4":1},"f":{"0":24},"b":{"0":[24],"1":[0,24]},"meta":{"lastBranch":2,"lastFunction":1,"lastStatement":5,"seen":{"s:7:6:31:Infinity":0,"s:39:15:44:Infinity":1,"f:40:2:40:3":0,"b:40:41:40:48":0,"s:41:17:41:Infinity":2,"b:41:27:41:34:41:34:41:Infinity":1,"s:42:4:42:Infinity":3,"s:45:0:45:Infinity":4}}}
,"C:\\Users\\user\\.gemini\\antigravity\\scratch\\peer-learning\\src\\lib\\utils.ts": {"path":"C:\\Users\\user\\.gemini\\antigravity\\scratch\\peer-learning\\src\\lib\\utils.ts","statementMap":{"0":{"start":{"line":5,"column":2},"end":{"line":5,"column":null}}},"fnMap":{"0":{"name":"cn","decl":{"start":{"line":4,"column":16},"end":{"line":4,"column":22}},"loc":{"start":{"line":4,"column":44},"end":{"line":6,"column":null}},"line":4}},"branchMap":{},"s":{"0":84},"f":{"0":84},"b":{},"meta":{"lastBranch":0,"lastFunction":1,"lastStatement":1,"seen":{"f:4:16:4:22":0,"s:5:2:5:Infinity":0}}}
}
